00:00:00.615263 VirtualBox GUI VM Selector Window 7.2.4 r170995 linux.amd64 (Oct 17 2025 09:07:46) release log
00:00:00.615265 Log opened 2026-04-28T04:48:43.136014000Z
00:00:00.615265 Build Type: release
00:00:00.615268 OS Product: Linux
00:00:00.615268 OS Release: 6.12.80
00:00:00.615269 OS Version: #1-NixOS SMP PREEMPT_DYNAMIC Thu Apr  2 11:09:54 UTC 2026
00:00:00.615301 DMI Product Name: Inspiron 15 3535
00:00:00.615309 DMI Product Version: 1.20.0
00:00:00.615314 Firmware type: UEFI
00:00:00.615461 Secure Boot: Disabled
00:00:00.615501 Host RAM: 7138MB (6.9GB) total, 6049MB (5.9GB) available
00:00:00.615503 Executable: /nix/store/03dvx6yixrn2wqq5zia9v96hfasvrdxp-virtualbox-7.2.4/libexec/virtualbox/VirtualBox
00:00:00.615503 Process ID: 1998
00:00:00.615504 Package type: LINUX_64BITS_GENERIC (OSE)
00:00:00.615529 Qt version: 6.10.2
00:00:00.617088 GUI: UIMediumEnumerator: Initial medium-enumeration finished!
00:00:00.646544 GUI: UIMediumEnumerator: Medium-enumeration started...
00:00:01.464987 GUI: UIDesktopWidgetWatchdog::sltHandleHostScreenAvailableGeometryCalculated: Screen 0 work area is actually resized to: 0x0 x 936x1004
00:00:01.505190 GUI: UIMediumEnumerator: Medium-enumeration finished!
00:00:03.339523 GUI: UICommon: Handling aboutToQuit request..
00:00:04.436731 GUI: UICommon: aboutToQuit request handled!
