Processor: Intel(R) Core(TM) i5-7600K CPU @ 3.80GHz, 4 core(s) @ 800 MHz 
Available Memory: 11919 MB 
Linux Kernel and distribution: Linux 6.18 Steam Runtime 2 64bit
System Language: en
Keyboard Layout: default
Selected window backend: x11 
Mono path[0] = '/home/mckahz/GAMES/SteamLibrary/steamapps/common/Tabletop Simulator/Tabletop Simulator_Data/Managed'
Mono config path = '/home/mckahz/GAMES/SteamLibrary/steamapps/common/Tabletop Simulator/Tabletop Simulator_Data/MonoBleedingEdge/etc'
Failed to open plugin: /home/mckahz/GAMES/SteamLibrary/steamapps/common/Tabletop Simulator/Tabletop Simulator_Data/Plugins/libwidevinecdmadapter.so
Input System module state changed to: Initialized.
Display 0 'HDMI-A-1 23"': 1920x1080 (primary device).
[Physics::Module] Initialized fallback backend.
[Physics::Module] Id: 0xdecafbad
Desktop is 1920 x 1080 @ 60 Hz
Could not fetch DPI for display (HDMI-A-1 23"): Couldn't get DPI
Initialize engine version: 6000.3.10f1 (e35f0c77bd8e)
[Subsystems] Discovering subsystems at path /home/mckahz/GAMES/SteamLibrary/steamapps/common/Tabletop Simulator/Tabletop Simulator_Data/UnitySubsystems
[Subsystems] No descriptors matched for  examples in UnitySubsystems/XRSDKOpenVR/UnitySubsystemsManifest.json.
[Subsystems] 1 'inputs' descriptors matched in UnitySubsystems/XRSDKOpenVR/UnitySubsystemsManifest.json
[Subsystems] 1 'displays' descriptors matched in UnitySubsystems/XRSDKOpenVR/UnitySubsystemsManifest.json
[Subsystems] No descriptors matched for  meshings in UnitySubsystems/XRSDKOpenVR/UnitySubsystemsManifest.json.
GfxDevice: creating device client; kGfxThreadingModeThreaded
Renderer: NVIDIA GeForce RTX 2070/PCIe/SSE2
Vendor:   NVIDIA Corporation
Version:  4.5.0 NVIDIA 595.58.03
GLES:     0
 GL_AMD_multi_draw_indirect GL_AMD_seamless_cubemap_per_texture GL_AMD_vertex_shader_viewport_index GL_AMD_vertex_shader_layer GL_ARB_arrays_of_arrays GL_ARB_base_instance GL_ARB_bindless_texture GL_ARB_blend_func_extended GL_ARB_buffer_storage GL_ARB_clear_buffer_object GL_ARB_clear_texture GL_ARB_clip_control GL_ARB_color_buffer_float GL_ARB_compressed_texture_pixel_storage GL_ARB_conservative_depth GL_ARB_compute_shader GL_ARB_compute_variable_group_size GL_ARB_conditional_render_inverted GL_ARB_copy_buffer GL_ARB_copy_image GL_ARB_cull_distance GL_ARB_debug_output GL_ARB_depth_buffer_float GL_ARB_depth_clamp GL_ARB_depth_texture GL_ARB_derivative_control GL_ARB_direct_state_access GL_ARB_draw_buffers GL_ARB_draw_buffers_blend GL_ARB_draw_indirect GL_ARB_draw_elements_base_vertex GL_ARB_draw_instanced GL_ARB_enhanced_layouts GL_ARB_ES2_compatibility GL_ARB_ES3_compatibility GL_ARB_ES3_1_compatibility GL_ARB_ES3_2_compatibility GL_ARB_explicit_attrib_location GL_ARB_explicit_uniform_location GL_ARB_fragmen
t_coord_conventions GL_ARB_fragment_layer_viewport GL_ARB_fragment_program GL_ARB_fragment_program_shadow GL_ARB_fragment_shader GL_ARB_fragment_shader_interlock GL_ARB_framebuffer_no_attachments GL_ARB_framebuffer_object GL_ARB_framebuffer_sRGB GL_ARB_geometry_shader4 GL_ARB_get_program_binary GL_ARB_get_texture_sub_image GL_ARB_gl_spirv GL_ARB_gpu_shader5 GL_ARB_gpu_shader_fp64 GL_ARB_gpu_shader_int64 GL_ARB_half_float_pixel GL_ARB_half_float_vertex GL_ARB_imaging GL_ARB_indirect_parameters GL_ARB_instanced_arrays GL_ARB_internalformat_query GL_ARB_internalformat_query2 GL_ARB_invalidate_subdata GL_ARB_map_buffer_alignment GL_ARB_map_buffer_range GL_ARB_multi_bind GL_ARB_multi_draw_indirect GL_ARB_multisample GL_ARB_multitexture GL_ARB_occlusion_query GL_ARB_occlusion_query2 GL_ARB_parallel_shader_compile GL_ARB_pipeline_statistics_query GL_ARB_pixel_buffer_object GL_ARB_point_parameters GL_ARB_point_sprite GL_ARB_polygon_offset_clamp GL_ARB_post_depth_coverage GL_ARB_program_interface_query GL_ARB_provoki
ng_vertex GL_ARB_query_buffer_object GL_ARB_robust_buffer_access_behavior GL_ARB_robustness GL_ARB_sample_locations GL_ARB_sample_shading GL_ARB_sampler_objects GL_ARB_seamless_cube_map GL_ARB_seamless_cubemap_per_texture GL_ARB_separate_shader_objects GL_ARB_shader_atomic_counter_ops GL_ARB_shader_atomic_counters GL_ARB_shader_ballot GL_ARB_shader_bit_encoding GL_ARB_shader_clock GL_ARB_shader_draw_parameters GL_ARB_shader_group_vote GL_ARB_shader_image_load_store GL_ARB_shader_image_size GL_ARB_shader_objects GL_ARB_shader_precision GL_ARB_shader_storage_buffer_object GL_ARB_shader_subroutine GL_ARB_shader_texture_image_samples GL_ARB_shader_texture_lod GL_ARB_shading_language_100 GL_ARB_shader_viewport_layer_array GL_ARB_shading_language_420pack GL_ARB_shading_language_include GL_ARB_shading_language_packing GL_ARB_shadow GL_ARB_sparse_buffer GL_ARB_sparse_texture GL_ARB_sparse_texture2 GL_ARB_sparse_texture_clamp GL_ARB_spirv_extensions GL_ARB_stencil_texturing GL_ARB_sync GL_ARB_tessellation_shader GL_A
RB_texture_barrier GL_ARB_texture_border_clamp GL_ARB_texture_buffer_object GL_ARB_texture_buffer_object_rgb32 GL_ARB_texture_buffer_range GL_ARB_texture_compression GL_ARB_texture_compression_bptc GL_ARB_texture_compression_rgtc GL_ARB_texture_cube_map GL_ARB_texture_cube_map_array GL_ARB_texture_env_add GL_ARB_texture_env_combine GL_ARB_texture_env_crossbar GL_ARB_texture_env_dot3 GL_ARB_texture_filter_anisotropic GL_ARB_texture_filter_minmax GL_ARB_texture_float GL_ARB_texture_gather GL_ARB_texture_mirror_clamp_to_edge GL_ARB_texture_mirrored_repeat GL_ARB_texture_multisample GL_ARB_texture_non_power_of_two GL_ARB_texture_query_levels GL_ARB_texture_query_lod GL_ARB_texture_rectangle GL_ARB_texture_rg GL_ARB_texture_rgb10_a2ui GL_ARB_texture_stencil8 GL_ARB_texture_storage GL_ARB_texture_storage_multisample GL_ARB_texture_swizzle GL_ARB_texture_view GL_ARB_timer_query GL_ARB_transform_feedback2 GL_ARB_transform_feedback3 GL_ARB_transform_feedback_instanced GL_ARB_transform_feedback_overflow_query GL_ARB_t
ranspose_matrix GL_ARB_uniform_buffer_object GL_ARB_vertex_array_bgra GL_ARB_vertex_array_object GL_ARB_vertex_attrib_64bit GL_ARB_vertex_attrib_binding GL_ARB_vertex_buffer_object GL_ARB_vertex_program GL_ARB_vertex_shader GL_ARB_vertex_type_10f_11f_11f_rev GL_ARB_vertex_type_2_10_10_10_rev GL_ARB_viewport_array GL_ARB_window_pos GL_ATI_draw_buffers GL_ATI_texture_float GL_ATI_texture_mirror_once GL_S3_s3tc GL_EXT_texture_env_add GL_EXT_abgr GL_EXT_bgra GL_EXT_bindable_uniform GL_EXT_blend_color GL_EXT_blend_equation_separate GL_EXT_blend_func_separate GL_EXT_blend_minmax GL_EXT_blend_subtract GL_EXT_compiled_vertex_array GL_EXT_Cg_shader GL_EXT_depth_bounds_test GL_EXT_direct_state_access GL_EXT_draw_buffers2 GL_EXT_draw_instanced GL_EXT_draw_range_elements GL_EXT_fog_coord GL_EXT_framebuffer_blit GL_EXT_framebuffer_multisample GL_EXTX_framebuffer_mixed_formats GL_EXT_framebuffer_multisample_blit_scaled GL_EXT_framebuffer_object GL_EXT_framebuffer_sRGB GL_EXT_geometry_shader4 GL_EXT_gpu_program_parameters 
GL_EXT_gpu_shader4 GL_EXT_multi_draw_arrays GL_EXT_multiview_texture_multisample GL_EXT_multiview_timer_query GL_EXT_packed_depth_stencil GL_EXT_packed_float GL_EXT_packed_pixels GL_EXT_pixel_buffer_object GL_EXT_point_parameters GL_EXT_polygon_offset_clamp GL_EXT_post_depth_coverage GL_EXT_provoking_vertex GL_EXT_raster_multisample GL_EXT_rescale_normal GL_EXT_secondary_color GL_EXT_separate_shader_objects GL_EXT_separate_specular_color GL_EXT_shader_image_load_formatted GL_EXT_shader_image_load_store GL_EXT_shader_integer_mix GL_EXT_shadow_funcs GL_EXT_sparse_texture2 GL_EXT_stencil_two_side GL_EXT_stencil_wrap GL_EXT_texture3D GL_EXT_texture_array GL_EXT_texture_buffer_object GL_EXT_texture_compression_dxt1 GL_EXT_texture_compression_latc GL_EXT_texture_compression_rgtc GL_EXT_texture_compression_s3tc GL_EXT_texture_cube_map GL_EXT_texture_edge_clamp GL_EXT_texture_env_combine GL_EXT_texture_env_dot3 GL_EXT_texture_filter_anisotropic GL_EXT_texture_filter_minmax GL_EXT_texture_integer GL_EXT_texture_lod G
L_EXT_texture_lod_bias GL_EXT_texture_mirror_clamp GL_EXT_texture_object GL_EXT_texture_shadow_lod GL_EXT_texture_shared_exponent GL_EXT_texture_sRGB GL_EXT_texture_sRGB_R8 GL_EXT_texture_sRGB_decode GL_EXT_texture_storage GL_EXT_texture_swizzle GL_EXT_timer_query GL_EXT_transform_feedback2 GL_EXT_vertex_array GL_EXT_vertex_array_bgra GL_EXT_vertex_attrib_64bit GL_EXT_window_rectangles GL_EXT_x11_sync_object GL_EXT_import_sync_object GL_NV_robustness_video_memory_purge GL_IBM_rasterpos_clip GL_IBM_texture_mirrored_repeat GL_KHR_context_flush_control GL_KHR_debug GL_EXT_memory_object GL_EXT_memory_object_fd GL_NV_memory_object_sparse GL_KHR_parallel_shader_compile GL_KHR_no_error GL_KHR_robust_buffer_access_behavior GL_KHR_robustness GL_EXT_semaphore GL_EXT_semaphore_fd GL_NV_timeline_semaphore GL_KHR_shader_subgroup GL_KTX_buffer_region GL_NV_alpha_to_coverage_dither_control GL_NV_bindless_multi_draw_indirect GL_NV_bindless_multi_draw_indirect_count GL_NV_bindless_texture GL_NV_blend_equation_advanced GL_NV_
blend_equation_advanced_coherent GL_NVX_blend_equation_advanced_multi_draw_buffers GL_NV_blend_minmax_factor GL_NV_blend_square GL_NV_clip_space_w_scaling GL_NV_command_list GL_NV_compute_program5 GL_NV_compute_shader_derivatives GL_NV_conditional_render GL_NV_conservative_raster GL_NV_conservative_raster_dilate GL_NV_conservative_raster_pre_snap GL_NV_conservative_raster_pre_snap_triangles GL_NV_conservative_raster_underestimation GL_NV_copy_depth_to_color GL_NV_copy_image GL_NV_depth_buffer_float GL_NV_depth_clamp GL_NV_draw_texture GL_NV_draw_vulkan_image GL_NV_ES1_1_compatibility GL_NV_ES3_1_compatibility GL_NV_explicit_multisample GL_NV_feature_query GL_NV_fence GL_NV_fill_rectangle GL_NV_float_buffer GL_NV_fog_distance GL_NV_fragment_coverage_to_color GL_NV_fragment_program GL_NV_fragment_program_option GL_NV_fragment_program2 GL_NV_fragment_shader_barycentric GL_NV_fragment_shader_interlock GL_NV_framebuffer_mixed_samples GL_NV_framebuffer_multisample_coverage GL_NV_geometry_shader4 GL_NV_geometry_sha
der_passthrough GL_NV_gpu_program4 GL_NV_internalformat_sample_query GL_NV_gpu_program4_1 GL_NV_gpu_program5 GL_NV_gpu_program5_mem_extended GL_NV_gpu_program_fp64 GL_NV_gpu_program_multiview GL_NV_gpu_shader5 GL_NV_half_float GL_NV_light_max_exponent GL_NV_memory_attachment GL_NV_mesh_shader GL_NV_multisample_coverage GL_NV_multisample_filter_hint GL_NV_occlusion_query GL_NV_packed_depth_stencil GL_NV_parameter_buffer_object GL_NV_parameter_buffer_object2 GL_NV_path_rendering GL_NV_path_rendering_shared_edge GL_NV_pixel_data_range GL_NV_point_sprite GL_NV_primitive_restart GL_NV_query_resource GL_NV_query_resource_tag GL_NV_register_combiners GL_NV_register_combiners2 GL_NV_representative_fragment_test GL_NV_sample_locations GL_NV_sample_mask_override_coverage GL_NV_scissor_exclusive GL_NV_shader_atomic_counters GL_NV_shader_atomic_float GL_NV_shader_atomic_float64 GL_NV_shader_atomic_fp16_vector GL_NV_shader_atomic_int64 GL_NV_shader_buffer_load GL_NV_shader_storage_buffer_object GL_NV_shader_subgroup_part
itioned GL_NV_shader_texture_footprint GL_NV_shading_rate_image GL_NV_stereo_view_rendering GL_NV_texgen_reflection GL_NV_texture_barrier GL_NV_texture_compression_vtc GL_NV_texture_env_combine4 GL_NV_texture_multisample GL_NV_texture_rectangle GL_NV_texture_rectangle_compressed GL_NV_texture_shader GL_NV_texture_shader2 GL_NV_texture_shader3 GL_NV_transform_feedback GL_NV_transform_feedback2 GL_NV_uniform_buffer_unified_memory GL_NV_uniform_buffer_std430_layout GL_NV_vdpau_interop GL_NV_vdpau_interop2 GL_NV_vertex_array_range GL_NV_vertex_array_range2 GL_NV_vertex_attrib_integer_64bit GL_NV_vertex_buffer_unified_memory GL_NV_vertex_program GL_NV_vertex_program1_1 GL_NV_vertex_program2 GL_NV_vertex_program2_option GL_NV_vertex_program3 GL_NV_viewport_array2 GL_NV_viewport_swizzle GL_NVX_conditional_render GL_NV_gpu_multicast GL_NVX_progress_fence GL_NVX_gpu_memory_info GL_NVX_nvenc_interop GL_NV_shader_thread_group GL_NV_shader_thread_shuffle GL_KHR_blend_equation_advanced GL_KHR_blend_equation_advanced_cohe
rent GL_OVR_multiview GL_OVR_multiview2 GL_SGIS_generate_mipmap GL_SGIS_texture_lod GL_SGIX_depth_texture GL_SGIX_shadow GL_SUN_slice_accum
OPENGL LOG: Creating OpenGL 4.5 graphics device ; Context level  <OpenGL 4.5> ; Context handle 776217096
Begin MonoManager ReloadAssembly
- Loaded All Assemblies, in  1.255 seconds
- Finished resetting the current domain, in  0.016 seconds
[Physics::Module] Selected backend.
[Physics::Module] Name: PhysX
[Physics::Module] Id: 0xf2b8ea05
[Physics::Module] SDK Version: 4.1.2
[Physics::Module] Integration Version: 1.0.0
[Physics::Module] Threading Mode: Multi-Threaded
XRGeneral Settings awakening...
Default vsync count 0
Could not fetch DPI for display (HDMI-A-1 23"): Couldn't get DPI
Could not fetch DPI for display (HDMI-A-1 23"): Couldn't get DPI
requesting resize 1888 x 979
requesting fullscreen 1888 x 979 at 0/1 Hz
Setting up downscaled viewport at 1888 x 979
Desktop is 1920 x 1080 @ 60 Hz
Could not fetch DPI for display (HDMI-A-1 23"): Couldn't get DPI
Could not fetch DPI for display (HDMI-A-1 23"): Couldn't get DPI
The referenced script on this Behaviour (Game Object 'fiBackupSceneStorage') is missing!
UnloadTime: 0.554051 ms
Odin Serializer ArchitectureInfo initialization with defaults (all unaligned read/writes disabled).
Odin Serializer detected whitelisted runtime platform LinuxPlayer and memory read test succeeded; enabling all unaligned memory read/writes.
Changing real window size to 1888 x 983
Could not fetch DPI for display (HDMI-A-1 23"): Couldn't get DPI
Could not fetch DPI for display (HDMI-A-1 23"): Couldn't get DPI
Setting up downscaled viewport at 1888 x 979
The referenced script on this Behaviour (Game Object 'Custom Button') is missing!
The referenced script on this Behaviour (Game Object 'Delete') is missing!
Serialization depth limit 10 exceeded at 'GridButton.Thumbnail'. There may be an object composition cycle in one or more of your serialized classes. Consider rearranging data or use `[SerializeReference]`. 

Serialization hierarchy:
11: GridButton.Thumbnail
10: GridButtonFolder.FolderButtons
9: GridButtonFolder.FolderButtons
8: GridButtonFolder.FolderButtons
7: GridButtonFolder.FolderButtons
6: GridButtonFolder.FolderButtons
5: GridButtonFolder.FolderButtons
4: GridButtonFolder.FolderButtons
3: GridButtonFolder.FolderButtons
2: GridButtonFolder.FolderButtons
1: GridButtonFolder.FolderButtons
0: UIGridMenuComponents.FolderComponents
Serialization depth limit 10 exceeded at 'GridButton.Thumbnail'. There may be an object composition cycle in one or more of your serialized classes. Consider rearranging data or use `[SerializeReference]`. 

Serialization hierarchy:
11: GridButton.Thumbnail
10: GridButtonFolder.FolderButtons
9: GridButtonFolder.FolderButtons
8: GridButtonFolder.FolderButtons
7: GridButtonFolder.FolderButtons
6: GridButtonFolder.FolderButtons
5: GridButtonFolder.FolderButtons
4: GridButtonFolder.FolderButtons
3: GridButtonFolder.FolderButtons
2: GridButtonFolder.FolderButtons
1: GridButtonFolder.FolderButtons
0: GridButtonFolder.FolderButtons
Serialization depth limit 10 exceeded at 'GridButton.Thumbnail'. There may be an object composition cycle in one or more of your serialized classes. Consider rearranging data or use `[SerializeReference]`. 

Serialization hierarchy:
11: GridButton.Thumbnail
10: GridButtonFolder.FolderButtons
9: GridButtonFolder.FolderButtons
8: GridButtonFolder.FolderButtons
7: GridButtonFolder.FolderButtons
6: GridButtonFolder.FolderButtons
5: GridButtonFolder.FolderButtons
4: GridButtonFolder.FolderButtons
3: GridButtonFolder.FolderButtons
2: GridButtonFolder.FolderButtons
1: GridButtonFolder.FolderButtons
0: UIGridMenuObjects.ComponentsButtons
Unloading 5 Unused Serialized files (Serialized files now loaded: 0)
UnloadTime: 5.110077 ms
[S_API] SteamAPI_Init(): Loaded '/home/mckahz/.local/share/Steam/linux64/steamclient.so' OK.
Setting breakpad minidump AppID = 286160
SteamInternal_SetMinidumpSteamID:  Caching Steam ID:  76561198090990430 [API loaded no]
DontDestroyOnLoad only works for root GameObjects or components on root GameObjects.
Unloading 275 unused Assets to reduce memory usage. Loaded Objects now: 61173.
Total: 20.559196 ms (FindLiveObjects: 3.366046 ms CreateObjectMapping: 0.679189 ms MarkObjects: 16.115510 ms  DeleteObjects: 0.397803 ms)

Unloading 2 Unused Serialized files (Serialized files now loaded: 0)
Unloading 0 unused Assets to reduce memory usage. Loaded Objects now: 61686.
Total: 31.420347 ms (FindLiveObjects: 3.693276 ms CreateObjectMapping: 0.809283 ms MarkObjects: 26.841385 ms  DeleteObjects: 0.075599 ms)

Changing real window size to 1920 x 1080
Could not fetch DPI for display (HDMI-A-1 23"): Couldn't get DPI
Could not fetch DPI for display (HDMI-A-1 23"): Couldn't get DPI
Setting up downscaled viewport at 1888 x 979
Changing real window size to 1888 x 983
Could not fetch DPI for display (HDMI-A-1 23"): Couldn't get DPI
Could not fetch DPI for display (HDMI-A-1 23"): Couldn't get DPI
Setting up downscaled viewport at 1888 x 979
Unloading 2 Unused Serialized files (Serialized files now loaded: 0)
Unloading 1074 unused Assets to reduce memory usage. Loaded Objects now: 74678.
Total: 307.247883 ms (FindLiveObjects: 4.653057 ms CreateObjectMapping: 1.342853 ms MarkObjects: 300.558892 ms  DeleteObjects: 0.692775 ms)

Desired shader compiler platform 15 is not available in shader blob
Desired shader compiler platform 15 is not available in shader blob
Desired shader compiler platform 15 is not available in shader blob
Desired shader compiler platform 15 is not available in shader blob
Desired shader compiler platform 15 is not available in shader blob
Desired shader compiler platform 15 is not available in shader blob
Desired shader compiler platform 15 is not available in shader blob
Desired shader compiler platform 15 is not available in shader blob
Desired shader compiler platform 15 is not available in shader blob
Desired shader compiler platform 15 is not available in shader blob
Desired shader compiler platform 15 is not available in shader blob
Desired shader compiler platform 15 is not available in shader blob
Desired shader compiler platform 15 is not available in shader blob
Changing real window size to 1920 x 1080
Could not fetch DPI for display (HDMI-A-1 23"): Couldn't get DPI
Could not fetch DPI for display (HDMI-A-1 23"): Couldn't get DPI
Setting up downscaled viewport at 1888 x 979
BoxCollider does not support negative scale or size.
The effective box size has been forced positive and is likely to give unexpected collision geometry.
If you absolutely need to use negative scaling you can use the convex MeshCollider. Scene hierarchy path "UI Root 3D/3DText(Clone)/Click Trigger"
BoxCollider does not support negative scale or size.
The effective box size has been forced positive and is likely to give unexpected collision geometry.
If you absolutely need to use negative scaling you can use the convex MeshCollider. Scene hierarchy path "UI Root 3D/3DText(Clone)/Click Trigger"
BoxCollider does not support negative scale or size.
The effective box size has been forced positive and is likely to give unexpected collision geometry.
If you absolutely need to use negative scaling you can use the convex MeshCollider. Scene hierarchy path "UI Root 3D/3DText(Clone)/Click Trigger"
BoxCollider does not support negative scale or size.
The effective box size has been forced positive and is likely to give unexpected collision geometry.
If you absolutely need to use negative scaling you can use the convex MeshCollider. Scene hierarchy path "UI Root 3D/3DText(Clone)/Click Trigger"
BoxCollider does not support negative scale or size.
The effective box size has been forced positive and is likely to give unexpected collision geometry.
If you absolutely need to use negative scaling you can use the convex MeshCollider. Scene hierarchy path "UI Root 3D/3DText(Clone)/Click Trigger"
BoxCollider does not support negative scale or size.
The effective box size has been forced positive and is likely to give unexpected collision geometry.
If you absolutely need to use negative scaling you can use the convex MeshCollider. Scene hierarchy path "UI Root 3D/3DText(Clone)/Click Trigger"
BoxCollider does not support negative scale or size.
The effective box size has been forced positive and is likely to give unexpected collision geometry.
If you absolutely need to use negative scaling you can use the convex MeshCollider. Scene hierarchy path "UI Root 3D/3DText(Clone)/Click Trigger"
BoxCollider does not support negative scale or size.
The effective box size has been forced positive and is likely to give unexpected collision geometry.
If you absolutely need to use negative scaling you can use the convex MeshCollider. Scene hierarchy path "UI Root 3D/3DText(Clone)/Click Trigger"
BoxCollider does not support negative scale or size.
The effective box size has been forced positive and is likely to give unexpected collision geometry.
If you absolutely need to use negative scaling you can use the convex MeshCollider. Scene hierarchy path "UI Root 3D/3DText(Clone)/Click Trigger"
Unloading 3 Unused Serialized files (Serialized files now loaded: 20)
Unloading 1049 unused Assets to reduce memory usage. Loaded Objects now: 96813.
Total: 360.470001 ms (FindLiveObjects: 6.427047 ms CreateObjectMapping: 2.025036 ms MarkObjects: 349.087135 ms  DeleteObjects: 2.930349 ms)

Unloading 1 Unused Serialized files (Serialized files now loaded: 20)
Unloading 466 unused Assets to reduce memory usage. Loaded Objects now: 98464.
Total: 350.079122 ms (FindLiveObjects: 6.947469 ms CreateObjectMapping: 1.645278 ms MarkObjects: 340.741536 ms  DeleteObjects: 0.744463 ms)

Unloading 1 Unused Serialized files (Serialized files now loaded: 20)
Unloading 549 unused Assets to reduce memory usage. Loaded Objects now: 101422.
Total: 350.726229 ms (FindLiveObjects: 13.501560 ms CreateObjectMapping: 3.415200 ms MarkObjects: 332.983710 ms  DeleteObjects: 0.825062 ms)

Unloading 1 Unused Serialized files (Serialized files now loaded: 20)
Unloading 463 unused Assets to reduce memory usage. Loaded Objects now: 101930.
Total: 315.781232 ms (FindLiveObjects: 6.662169 ms CreateObjectMapping: 1.772003 ms MarkObjects: 306.609173 ms  DeleteObjects: 0.737451 ms)

Unloading 1 Unused Serialized files (Serialized files now loaded: 20)
Unloading 566 unused Assets to reduce memory usage. Loaded Objects now: 102649.
Total: 315.628848 ms (FindLiveObjects: 6.526060 ms CreateObjectMapping: 1.648970 ms MarkObjects: 306.744032 ms  DeleteObjects: 0.709429 ms)

Unloading 1 Unused Serialized files (Serialized files now loaded: 20)
Unloading 723 unused Assets to reduce memory usage. Loaded Objects now: 103167.
Total: 396.244464 ms (FindLiveObjects: 6.766710 ms CreateObjectMapping: 1.878977 ms MarkObjects: 386.575223 ms  DeleteObjects: 1.023200 ms)

Unloading 1 Unused Serialized files (Serialized files now loaded: 20)
Unloading 564 unused Assets to reduce memory usage. Loaded Objects now: 104344.
Total: 317.534859 ms (FindLiveObjects: 6.897857 ms CreateObjectMapping: 1.692500 ms MarkObjects: 308.027382 ms  DeleteObjects: 0.916682 ms)

Unloading 1 Unused Serialized files (Serialized files now loaded: 20)
Unloading 574 unused Assets to reduce memory usage. Loaded Objects now: 104628.
Total: 347.970036 ms (FindLiveObjects: 7.425447 ms CreateObjectMapping: 2.141089 ms MarkObjects: 337.482274 ms  DeleteObjects: 0.920540 ms)

Unloading 1 Unused Serialized files (Serialized files now loaded: 20)
Unloading 950 unused Assets to reduce memory usage. Loaded Objects now: 100462.
Total: 313.342204 ms (FindLiveObjects: 9.067114 ms CreateObjectMapping: 2.402760 ms MarkObjects: 300.388532 ms  DeleteObjects: 1.483427 ms)

Setting linear velocity of a kinematic body is not supported.
Setting linear velocity of a kinematic body is not supported.
BoxCollider does not support negative scale or size.
The effective box size has been forced positive and is likely to give unexpected collision geometry.
If you absolutely need to use negative scaling you can use the convex MeshCollider. Scene hierarchy path "UI Root 3D/3DText(Clone)/Click Trigger"
Unloading 1 Unused Serialized files (Serialized files now loaded: 20)
Unloading 1807 unused Assets to reduce memory usage. Loaded Objects now: 87208.
Total: 335.317703 ms (FindLiveObjects: 6.079623 ms CreateObjectMapping: 1.927276 ms MarkObjects: 321.221772 ms  DeleteObjects: 6.088664 ms)

BoxCollider does not support negative scale or size.
The effective box size has been forced positive and is likely to give unexpected collision geometry.
If you absolutely need to use negative scaling you can use the convex MeshCollider. Scene hierarchy path "UI Root 3D/3DText(Clone)/Click Trigger"
Setting linear velocity of a kinematic body is not supported.
Setting linear velocity of a kinematic body is not supported.
BoxCollider does not support negative scale or size.
The effective box size has been forced positive and is likely to give unexpected collision geometry.
If you absolutely need to use negative scaling you can use the convex MeshCollider. Scene hierarchy path "UI Root 3D/3DText(Clone)/Click Trigger"
BoxCollider does not support negative scale or size.
The effective box size has been forced positive and is likely to give unexpected collision geometry.
If you absolutely need to use negative scaling you can use the convex MeshCollider. Scene hierarchy path "UI Root 3D/3DText(Clone)/Click Trigger"
BoxCollider does not support negative scale or size.
The effective box size has been forced positive and is likely to give unexpected collision geometry.
If you absolutely need to use negative scaling you can use the convex MeshCollider. Scene hierarchy path "UI Root 3D/3DText(Clone)/Click Trigger"
BoxCollider does not support negative scale or size.
The effective box size has been forced positive and is likely to give unexpected collision geometry.
If you absolutely need to use negative scaling you can use the convex MeshCollider. Scene hierarchy path "UI Root 3D/3DText(Clone)/Click Trigger"
BoxCollider does not support negative scale or size.
The effective box size has been forced positive and is likely to give unexpected collision geometry.
If you absolutely need to use negative scaling you can use the convex MeshCollider. Scene hierarchy path "UI Root 3D/3DText(Clone)/Click Trigger"
BoxCollider does not support negative scale or size.
The effective box size has been forced positive and is likely to give unexpected collision geometry.
If you absolutely need to use negative scaling you can use the convex MeshCollider. Scene hierarchy path "UI Root 3D/3DText(Clone)/Click Trigger"
BoxCollider does not support negative scale or size.
The effective box size has been forced positive and is likely to give unexpected collision geometry.
If you absolutely need to use negative scaling you can use the convex MeshCollider. Scene hierarchy path "UI Root 3D/3DText(Clone)/Click Trigger"
Unloading 1 Unused Serialized files (Serialized files now loaded: 20)
Unloading 2185 unused Assets to reduce memory usage. Loaded Objects now: 87352.
Total: 489.697513 ms (FindLiveObjects: 5.596508 ms CreateObjectMapping: 2.095392 ms MarkObjects: 479.937415 ms  DeleteObjects: 2.067441 ms)

BoxCollider does not support negative scale or size.
The effective box size has been forced positive and is likely to give unexpected collision geometry.
If you absolutely need to use negative scaling you can use the convex MeshCollider. Scene hierarchy path "UI Root 3D/3DText(Clone)/Click Trigger"
BoxCollider does not support negative scale or size.
The effective box size has been forced positive and is likely to give unexpected collision geometry.
If you absolutely need to use negative scaling you can use the convex MeshCollider. Scene hierarchy path "UI Root 3D/3DText(Clone)/Click Trigger"
BoxCollider does not support negative scale or size.
The effective box size has been forced positive and is likely to give unexpected collision geometry.
If you absolutely need to use negative scaling you can use the convex MeshCollider. Scene hierarchy path "UI Root 3D/3DText(Clone)/Click Trigger"
BoxCollider does not support negative scale or size.
The effective box size has been forced positive and is likely to give unexpected collision geometry.
If you absolutely need to use negative scaling you can use the convex MeshCollider. Scene hierarchy path "UI Root 3D/3DText(Clone)/Click Trigger"
BoxCollider does not support negative scale or size.
The effective box size has been forced positive and is likely to give unexpected collision geometry.
If you absolutely need to use negative scaling you can use the convex MeshCollider. Scene hierarchy path "UI Root 3D/3DText(Clone)/Click Trigger"
BoxCollider does not support negative scale or size.
The effective box size has been forced positive and is likely to give unexpected collision geometry.
If you absolutely need to use negative scaling you can use the convex MeshCollider. Scene hierarchy path "UI Root 3D/3DText(Clone)/Click Trigger"
Unloading 1 Unused Serialized files (Serialized files now loaded: 20)
Unloading 742 unused Assets to reduce memory usage. Loaded Objects now: 98690.
Total: 358.246063 ms (FindLiveObjects: 8.212932 ms CreateObjectMapping: 2.087260 ms MarkObjects: 347.045990 ms  DeleteObjects: 0.899430 ms)

Unloading 2 Unused Serialized files (Serialized files now loaded: 20)
Unloading 763 unused Assets to reduce memory usage. Loaded Objects now: 101104.
Total: 485.930221 ms (FindLiveObjects: 7.794837 ms CreateObjectMapping: 1.822304 ms MarkObjects: 475.107032 ms  DeleteObjects: 1.205588 ms)

Unloading 1 Unused Serialized files (Serialized files now loaded: 20)
Unloading 681 unused Assets to reduce memory usage. Loaded Objects now: 101503.
Total: 457.412678 ms (FindLiveObjects: 7.204580 ms CreateObjectMapping: 1.553715 ms MarkObjects: 447.648099 ms  DeleteObjects: 1.005920 ms)

Unloading 1 Unused Serialized files (Serialized files now loaded: 20)
Unloading 736 unused Assets to reduce memory usage. Loaded Objects now: 102643.
Total: 479.749695 ms (FindLiveObjects: 6.948742 ms CreateObjectMapping: 1.692329 ms MarkObjects: 470.065606 ms  DeleteObjects: 1.042546 ms)

Unloading 1 Unused Serialized files (Serialized files now loaded: 20)
Unloading 566 unused Assets to reduce memory usage. Loaded Objects now: 103887.
Total: 475.522925 ms (FindLiveObjects: 6.846105 ms CreateObjectMapping: 1.776714 ms MarkObjects: 466.107150 ms  DeleteObjects: 0.792618 ms)

Unloading 1 Unused Serialized files (Serialized files now loaded: 20)
Unloading 678 unused Assets to reduce memory usage. Loaded Objects now: 104152.
Total: 453.475028 ms (FindLiveObjects: 6.723523 ms CreateObjectMapping: 1.847564 ms MarkObjects: 443.958997 ms  DeleteObjects: 0.944560 ms)

Unloading 1 Unused Serialized files (Serialized files now loaded: 20)
Unloading 717 unused Assets to reduce memory usage. Loaded Objects now: 104435.
Total: 470.022968 ms (FindLiveObjects: 6.982188 ms CreateObjectMapping: 1.841317 ms MarkObjects: 460.381196 ms  DeleteObjects: 0.817631 ms)

Unloading 1 Unused Serialized files (Serialized files now loaded: 20)
Unloading 389 unused Assets to reduce memory usage. Loaded Objects now: 104830.
Total: 560.271761 ms (FindLiveObjects: 7.138768 ms CreateObjectMapping: 2.072575 ms MarkObjects: 550.543143 ms  DeleteObjects: 0.516643 ms)

Unloading 1 Unused Serialized files (Serialized files now loaded: 20)
Unloading 509 unused Assets to reduce memory usage. Loaded Objects now: 105054.
Total: 479.936484 ms (FindLiveObjects: 7.201641 ms CreateObjectMapping: 1.714681 ms MarkObjects: 470.269629 ms  DeleteObjects: 0.750099 ms)

Unloading 1 Unused Serialized files (Serialized files now loaded: 20)
Unloading 1020 unused Assets to reduce memory usage. Loaded Objects now: 106244.
Total: 581.951778 ms (FindLiveObjects: 7.498405 ms CreateObjectMapping: 2.532002 ms MarkObjects: 570.498254 ms  DeleteObjects: 1.422729 ms)

Unloading 1 Unused Serialized files (Serialized files now loaded: 20)
Unloading 909 unused Assets to reduce memory usage. Loaded Objects now: 106734.
Total: 466.688029 ms (FindLiveObjects: 8.164313 ms CreateObjectMapping: 2.023169 ms MarkObjects: 455.117188 ms  DeleteObjects: 1.382954 ms)

Unloading 1 Unused Serialized files (Serialized files now loaded: 20)
Unloading 1004 unused Assets to reduce memory usage. Loaded Objects now: 106940.
Total: 600.287347 ms (FindLiveObjects: 7.119132 ms CreateObjectMapping: 1.745815 ms MarkObjects: 589.792929 ms  DeleteObjects: 1.629082 ms)

Unloading 1 Unused Serialized files (Serialized files now loaded: 20)
Unloading 761 unused Assets to reduce memory usage. Loaded Objects now: 106121.
Total: 467.634257 ms (FindLiveObjects: 7.338274 ms CreateObjectMapping: 2.085269 ms MarkObjects: 457.011913 ms  DeleteObjects: 1.198264 ms)

Unloading 1 Unused Serialized files (Serialized files now loaded: 20)
Unloading 702 unused Assets to reduce memory usage. Loaded Objects now: 106168.
Total: 489.189835 ms (FindLiveObjects: 7.660531 ms CreateObjectMapping: 1.624256 ms MarkObjects: 478.924405 ms  DeleteObjects: 0.980202 ms)

Unloading 1 Unused Serialized files (Serialized files now loaded: 20)
Unloading 548 unused Assets to reduce memory usage. Loaded Objects now: 106231.
Total: 340.425768 ms (FindLiveObjects: 7.389943 ms CreateObjectMapping: 1.901953 ms MarkObjects: 330.201769 ms  DeleteObjects: 0.931727 ms)

Unloading 1 Unused Serialized files (Serialized files now loaded: 20)
Unloading 1028 unused Assets to reduce memory usage. Loaded Objects now: 104677.
Total: 353.479694 ms (FindLiveObjects: 6.994134 ms CreateObjectMapping: 1.959910 ms MarkObjects: 343.024520 ms  DeleteObjects: 1.500771 ms)

Unloading 1 Unused Serialized files (Serialized files now loaded: 20)
Unloading 881 unused Assets to reduce memory usage. Loaded Objects now: 99854.
Total: 527.024103 ms (FindLiveObjects: 8.925988 ms CreateObjectMapping: 2.525750 ms MarkObjects: 514.145975 ms  DeleteObjects: 1.425920 ms)

BoxCollider does not support negative scale or size.
The effective box size has been forced positive and is likely to give unexpected collision geometry.
If you absolutely need to use negative scaling you can use the convex MeshCollider. Scene hierarchy path "UI Root 3D/3DText(Clone)/Click Trigger"
BoxCollider does not support negative scale or size.
The effective box size has been forced positive and is likely to give unexpected collision geometry.
If you absolutely need to use negative scaling you can use the convex MeshCollider. Scene hierarchy path "UI Root 3D/3DText(Clone)/Click Trigger"
BoxCollider does not support negative scale or size.
The effective box size has been forced positive and is likely to give unexpected collision geometry.
If you absolutely need to use negative scaling you can use the convex MeshCollider. Scene hierarchy path "UI Root 3D/3DText(Clone)/Click Trigger"
BoxCollider does not support negative scale or size.
The effective box size has been forced positive and is likely to give unexpected collision geometry.
If you absolutely need to use negative scaling you can use the convex MeshCollider. Scene hierarchy path "UI Root 3D/3DText(Clone)/Click Trigger"
BoxCollider does not support negative scale or size.
The effective box size has been forced positive and is likely to give unexpected collision geometry.
If you absolutely need to use negative scaling you can use the convex MeshCollider. Scene hierarchy path "UI Root 3D/3DText(Clone)/Click Trigger"
BoxCollider does not support negative scale or size.
The effective box size has been forced positive and is likely to give unexpected collision geometry.
If you absolutely need to use negative scaling you can use the convex MeshCollider. Scene hierarchy path "UI Root 3D/3DText(Clone)/Click Trigger"
BoxCollider does not support negative scale or size.
The effective box size has been forced positive and is likely to give unexpected collision geometry.
If you absolutely need to use negative scaling you can use the convex MeshCollider. Scene hierarchy path "UI Root 3D/3DText(Clone)/Click Trigger"
BoxCollider does not support negative scale or size.
The effective box size has been forced positive and is likely to give unexpected collision geometry.
If you absolutely need to use negative scaling you can use the convex MeshCollider. Scene hierarchy path "UI Root 3D/3DText(Clone)/Click Trigger"
Unloading 1 Unused Serialized files (Serialized files now loaded: 20)
Unloading 657 unused Assets to reduce memory usage. Loaded Objects now: 100536.
Total: 321.300970 ms (FindLiveObjects: 6.933213 ms CreateObjectMapping: 1.700479 ms MarkObjects: 311.948014 ms  DeleteObjects: 0.718904 ms)

Unloading 1 Unused Serialized files (Serialized files now loaded: 20)
Unloading 585 unused Assets to reduce memory usage. Loaded Objects now: 102797.
Total: 406.411017 ms (FindLiveObjects: 7.420859 ms CreateObjectMapping: 1.696435 ms MarkObjects: 396.560296 ms  DeleteObjects: 0.733076 ms)

Unloading 1 Unused Serialized files (Serialized files now loaded: 20)
Unloading 556 unused Assets to reduce memory usage. Loaded Objects now: 104125.
Total: 339.339457 ms (FindLiveObjects: 6.839122 ms CreateObjectMapping: 1.761882 ms MarkObjects: 329.781095 ms  DeleteObjects: 0.956945 ms)

Unloading 1 Unused Serialized files (Serialized files now loaded: 20)
Unloading 597 unused Assets to reduce memory usage. Loaded Objects now: 104315.
Total: 338.850417 ms (FindLiveObjects: 7.126285 ms CreateObjectMapping: 1.836072 ms MarkObjects: 329.040780 ms  DeleteObjects: 0.846900 ms)

Unloading 1 Unused Serialized files (Serialized files now loaded: 20)
Unloading 467 unused Assets to reduce memory usage. Loaded Objects now: 104599.
Total: 343.854549 ms (FindLiveObjects: 7.187148 ms CreateObjectMapping: 1.606691 ms MarkObjects: 334.353685 ms  DeleteObjects: 0.706402 ms)

Unloading 1 Unused Serialized files (Serialized files now loaded: 20)
Unloading 556 unused Assets to reduce memory usage. Loaded Objects now: 104665.
Total: 365.794572 ms (FindLiveObjects: 7.101518 ms CreateObjectMapping: 1.730778 ms MarkObjects: 355.909907 ms  DeleteObjects: 1.051859 ms)

Unloading 1 Unused Serialized files (Serialized files now loaded: 20)
Unloading 570 unused Assets to reduce memory usage. Loaded Objects now: 105618.
Total: 353.627300 ms (FindLiveObjects: 7.059098 ms CreateObjectMapping: 1.553427 ms MarkObjects: 344.205277 ms  DeleteObjects: 0.809148 ms)

Unloading 1 Unused Serialized files (Serialized files now loaded: 20)
Unloading 616 unused Assets to reduce memory usage. Loaded Objects now: 105935.
Total: 434.484900 ms (FindLiveObjects: 6.945597 ms CreateObjectMapping: 1.950966 ms MarkObjects: 424.763517 ms  DeleteObjects: 0.824441 ms)

Unloading 1 Unused Serialized files (Serialized files now loaded: 20)
Unloading 802 unused Assets to reduce memory usage. Loaded Objects now: 106666.
Total: 369.921254 ms (FindLiveObjects: 7.079275 ms CreateObjectMapping: 1.667194 ms MarkObjects: 359.785413 ms  DeleteObjects: 1.388920 ms)

BoxCollider does not support negative scale or size.
The effective box size has been forced positive and is likely to give unexpected collision geometry.
If you absolutely need to use negative scaling you can use the convex MeshCollider. Scene hierarchy path "UI Root 3D/3DText(Clone)/Click Trigger"
Unloading 1 Unused Serialized files (Serialized files now loaded: 20)
Unloading 992 unused Assets to reduce memory usage. Loaded Objects now: 106682.
Total: 357.000214 ms (FindLiveObjects: 7.006925 ms CreateObjectMapping: 1.861193 ms MarkObjects: 346.410432 ms  DeleteObjects: 1.721291 ms)

BoxCollider does not support negative scale or size.
The effective box size has been forced positive and is likely to give unexpected collision geometry.
If you absolutely need to use negative scaling you can use the convex MeshCollider. Scene hierarchy path "UI Root 3D/3DText(Clone)/Click Trigger"
BoxCollider does not support negative scale or size.
The effective box size has been forced positive and is likely to give unexpected collision geometry.
If you absolutely need to use negative scaling you can use the convex MeshCollider. Scene hierarchy path "UI Root 3D/3DText(Clone)/Click Trigger"
Unloading 1 Unused Serialized files (Serialized files now loaded: 20)
Unloading 695 unused Assets to reduce memory usage. Loaded Objects now: 107240.
Total: 463.657458 ms (FindLiveObjects: 7.388993 ms CreateObjectMapping: 1.869112 ms MarkObjects: 453.362295 ms  DeleteObjects: 1.036666 ms)

Unloading 1 Unused Serialized files (Serialized files now loaded: 20)
Unloading 701 unused Assets to reduce memory usage. Loaded Objects now: 107994.
Total: 461.789427 ms (FindLiveObjects: 7.193312 ms CreateObjectMapping: 1.721681 ms MarkObjects: 451.864744 ms  DeleteObjects: 1.009216 ms)

Unloading 1 Unused Serialized files (Serialized files now loaded: 20)
Unloading 665 unused Assets to reduce memory usage. Loaded Objects now: 108515.
Total: 358.696708 ms (FindLiveObjects: 7.108450 ms CreateObjectMapping: 2.068981 ms MarkObjects: 348.281378 ms  DeleteObjects: 1.237420 ms)

Unloading 1 Unused Serialized files (Serialized files now loaded: 20)
Unloading 706 unused Assets to reduce memory usage. Loaded Objects now: 109163.
Total: 469.247361 ms (FindLiveObjects: 7.435489 ms CreateObjectMapping: 1.699400 ms MarkObjects: 458.977323 ms  DeleteObjects: 1.134787 ms)

Unloading 1 Unused Serialized files (Serialized files now loaded: 20)
Unloading 1005 unused Assets to reduce memory usage. Loaded Objects now: 109355.
Total: 473.320145 ms (FindLiveObjects: 7.426403 ms CreateObjectMapping: 1.990837 ms MarkObjects: 462.449453 ms  DeleteObjects: 1.453098 ms)

BoxCollider does not support negative scale or size.
The effective box size has been forced positive and is likely to give unexpected collision geometry.
If you absolutely need to use negative scaling you can use the convex MeshCollider. Scene hierarchy path "UI Root 3D/3DText(Clone)/Click Trigger"
BoxCollider does not support negative scale or size.
The effective box size has been forced positive and is likely to give unexpected collision geometry.
If you absolutely need to use negative scaling you can use the convex MeshCollider. Scene hierarchy path "UI Root 3D/3DText(Clone)/Click Trigger"
Unloading 1 Unused Serialized files (Serialized files now loaded: 20)
Unloading 1358 unused Assets to reduce memory usage. Loaded Objects now: 100055.
Total: 403.060166 ms (FindLiveObjects: 6.615895 ms CreateObjectMapping: 1.657812 ms MarkObjects: 392.546709 ms  DeleteObjects: 2.239404 ms)

BoxCollider does not support negative scale or size.
The effective box size has been forced positive and is likely to give unexpected collision geometry.
If you absolutely need to use negative scaling you can use the convex MeshCollider. Scene hierarchy path "UI Root 3D/3DText(Clone)/Click Trigger"
BoxCollider does not support negative scale or size.
The effective box size has been forced positive and is likely to give unexpected collision geometry.
If you absolutely need to use negative scaling you can use the convex MeshCollider. Scene hierarchy path "UI Root 3D/3DText(Clone)/Click Trigger"
BoxCollider does not support negative scale or size.
The effective box size has been forced positive and is likely to give unexpected collision geometry.
If you absolutely need to use negative scaling you can use the convex MeshCollider. Scene hierarchy path "UI Root 3D/3DText(Clone)/Click Trigger"
BoxCollider does not support negative scale or size.
The effective box size has been forced positive and is likely to give unexpected collision geometry.
If you absolutely need to use negative scaling you can use the convex MeshCollider. Scene hierarchy path "UI Root 3D/3DText(Clone)/Click Trigger"
BoxCollider does not support negative scale or size.
The effective box size has been forced positive and is likely to give unexpected collision geometry.
If you absolutely need to use negative scaling you can use the convex MeshCollider. Scene hierarchy path "UI Root 3D/3DText(Clone)/Click Trigger"
BoxCollider does not support negative scale or size.
The effective box size has been forced positive and is likely to give unexpected collision geometry.
If you absolutely need to use negative scaling you can use the convex MeshCollider. Scene hierarchy path "UI Root 3D/3DText(Clone)/Click Trigger"
BoxCollider does not support negative scale or size.
The effective box size has been forced positive and is likely to give unexpected collision geometry.
If you absolutely need to use negative scaling you can use the convex MeshCollider. Scene hierarchy path "UI Root 3D/3DText(Clone)/Click Trigger"
BoxCollider does not support negative scale or size.
The effective box size has been forced positive and is likely to give unexpected collision geometry.
If you absolutely need to use negative scaling you can use the convex MeshCollider. Scene hierarchy path "UI Root 3D/3DText(Clone)/Click Trigger"
BoxCollider does not support negative scale or size.
The effective box size has been forced positive and is likely to give unexpected collision geometry.
If you absolutely need to use negative scaling you can use the convex MeshCollider. Scene hierarchy path "UI Root 3D/3DText(Clone)/Click Trigger"
Unloading 1 Unused Serialized files (Serialized files now loaded: 20)
Unloading 660 unused Assets to reduce memory usage. Loaded Objects now: 102631.
Total: 343.889107 ms (FindLiveObjects: 7.472072 ms CreateObjectMapping: 1.831958 ms MarkObjects: 333.581069 ms  DeleteObjects: 1.003606 ms)

Changing real window size to 1888 x 983
Could not fetch DPI for display (HDMI-A-1 23"): Couldn't get DPI
Could not fetch DPI for display (HDMI-A-1 23"): Couldn't get DPI
Setting up downscaled viewport at 1888 x 979
Unloading 1 Unused Serialized files (Serialized files now loaded: 20)
Unloading 690 unused Assets to reduce memory usage. Loaded Objects now: 103835.
Total: 349.906602 ms (FindLiveObjects: 7.004542 ms CreateObjectMapping: 2.053545 ms MarkObjects: 339.769181 ms  DeleteObjects: 1.078919 ms)

Unloading 1 Unused Serialized files (Serialized files now loaded: 20)
Unloading 631 unused Assets to reduce memory usage. Loaded Objects now: 104399.
Total: 337.636158 ms (FindLiveObjects: 7.111173 ms CreateObjectMapping: 2.014039 ms MarkObjects: 327.313042 ms  DeleteObjects: 1.197545 ms)

Unloading 1 Unused Serialized files (Serialized files now loaded: 20)
Unloading 711 unused Assets to reduce memory usage. Loaded Objects now: 105003.
Total: 448.897445 ms (FindLiveObjects: 7.401897 ms CreateObjectMapping: 1.768768 ms MarkObjects: 438.438018 ms  DeleteObjects: 1.288391 ms)

Unloading 1 Unused Serialized files (Serialized files now loaded: 20)
Unloading 691 unused Assets to reduce memory usage. Loaded Objects now: 105248.
Total: 342.279876 ms (FindLiveObjects: 7.230676 ms CreateObjectMapping: 2.404845 ms MarkObjects: 331.490728 ms  DeleteObjects: 1.153221 ms)

Unloading 1 Unused Serialized files (Serialized files now loaded: 20)
Unloading 882 unused Assets to reduce memory usage. Loaded Objects now: 105452.
Total: 500.017635 ms (FindLiveObjects: 9.471716 ms CreateObjectMapping: 2.283658 ms MarkObjects: 486.982059 ms  DeleteObjects: 1.279793 ms)

Unloading 1 Unused Serialized files (Serialized files now loaded: 20)
Unloading 916 unused Assets to reduce memory usage. Loaded Objects now: 105455.
Total: 448.913183 ms (FindLiveObjects: 8.044235 ms CreateObjectMapping: 1.874523 ms MarkObjects: 437.434451 ms  DeleteObjects: 1.559613 ms)

Unloading 1 Unused Serialized files (Serialized files now loaded: 20)
Unloading 722 unused Assets to reduce memory usage. Loaded Objects now: 105671.
Total: 354.236445 ms (FindLiveObjects: 7.566793 ms CreateObjectMapping: 1.683875 ms MarkObjects: 343.856677 ms  DeleteObjects: 1.128736 ms)

Unloading 1 Unused Serialized files (Serialized files now loaded: 20)
Unloading 1021 unused Assets to reduce memory usage. Loaded Objects now: 106324.
Total: 458.420519 ms (FindLiveObjects: 7.095056 ms CreateObjectMapping: 1.961629 ms MarkObjects: 447.872656 ms  DeleteObjects: 1.490841 ms)

Unloading 1 Unused Serialized files (Serialized files now loaded: 20)
Unloading 905 unused Assets to reduce memory usage. Loaded Objects now: 106473.
Total: 478.687386 ms (FindLiveObjects: 7.247470 ms CreateObjectMapping: 1.838801 ms MarkObjects: 468.177587 ms  DeleteObjects: 1.423169 ms)

Unloading 1 Unused Serialized files (Serialized files now loaded: 20)
Unloading 728 unused Assets to reduce memory usage. Loaded Objects now: 107626.
Total: 465.857361 ms (FindLiveObjects: 7.143502 ms CreateObjectMapping: 1.825748 ms MarkObjects: 455.814787 ms  DeleteObjects: 1.072887 ms)

Unloading 1 Unused Serialized files (Serialized files now loaded: 20)
Unloading 750 unused Assets to reduce memory usage. Loaded Objects now: 107942.
Total: 457.573219 ms (FindLiveObjects: 7.287229 ms CreateObjectMapping: 1.762941 ms MarkObjects: 447.314752 ms  DeleteObjects: 1.207942 ms)

[Physics.PhysX] computeMassAndInertia: Dynamic actor with illegal collision shapes
[Physics.PhysX] PxRigidBodyExt::setMassAndUpdateInertia: Mass and inertia computation failed, setting mass to 1 and inertia to (1,1,1)
CollisionMeshData couldn't be created because the mesh has been marked as non-accessible. Mesh name "Button"
Concave Mesh Colliders are not supported when used with dynamic Rigidbody GameObjects.
Either make the Mesh Collider convex, or make the Rigidbody kinematic. Scene hierarchy path "Custom_Assetbundle(Clone)/buttonV4(Clone)/Button", Mesh name "Button"
Unloading 1 Unused Serialized files (Serialized files now loaded: 15)
Unloading 1355 unused Assets to reduce memory usage. Loaded Objects now: 79610.
Total: 239.041287 ms (FindLiveObjects: 5.105912 ms CreateObjectMapping: 1.409442 ms MarkObjects: 228.227594 ms  DeleteObjects: 4.297955 ms)

Unloading 0 Unused Serialized files (Serialized files now loaded: 1)
Unloading 997 unused Assets to reduce memory usage. Loaded Objects now: 82454.
Total: 275.020036 ms (FindLiveObjects: 6.671177 ms CreateObjectMapping: 1.662238 ms MarkObjects: 265.998593 ms  DeleteObjects: 0.687639 ms)

Desired shader compiler platform 15 is not available in shader blob
Desired shader compiler platform 15 is not available in shader blob
Desired shader compiler platform 15 is not available in shader blob
Desired shader compiler platform 15 is not available in shader blob
Desired shader compiler platform 15 is not available in shader blob
Desired shader compiler platform 15 is not available in shader blob
Desired shader compiler platform 15 is not available in shader blob
Desired shader compiler platform 15 is not available in shader blob
Desired shader compiler platform 15 is not available in shader blob
Desired shader compiler platform 15 is not available in shader blob
Desired shader compiler platform 15 is not available in shader blob
Desired shader compiler platform 15 is not available in shader blob
Desired shader compiler platform 15 is not available in shader blob
BoxCollider does not support negative scale or size.
The effective box size has been forced positive and is likely to give unexpected collision geometry.
If you absolutely need to use negative scaling you can use the convex MeshCollider. Scene hierarchy path "UI Root 3D/3DText(Clone)/Click Trigger"
BoxCollider does not support negative scale or size.
The effective box size has been forced positive and is likely to give unexpected collision geometry.
If you absolutely need to use negative scaling you can use the convex MeshCollider. Scene hierarchy path "UI Root 3D/3DText(Clone)/Click Trigger"
BoxCollider does not support negative scale or size.
The effective box size has been forced positive and is likely to give unexpected collision geometry.
If you absolutely need to use negative scaling you can use the convex MeshCollider. Scene hierarchy path "UI Root 3D/3DText(Clone)/Click Trigger"
BoxCollider does not support negative scale or size.
The effective box size has been forced positive and is likely to give unexpected collision geometry.
If you absolutely need to use negative scaling you can use the convex MeshCollider. Scene hierarchy path "UI Root 3D/3DText(Clone)/Click Trigger"
BoxCollider does not support negative scale or size.
The effective box size has been forced positive and is likely to give unexpected collision geometry.
If you absolutely need to use negative scaling you can use the convex MeshCollider. Scene hierarchy path "UI Root 3D/3DText(Clone)/Click Trigger"
BoxCollider does not support negative scale or size.
The effective box size has been forced positive and is likely to give unexpected collision geometry.
If you absolutely need to use negative scaling you can use the convex MeshCollider. Scene hierarchy path "UI Root 3D/3DText(Clone)/Click Trigger"
BoxCollider does not support negative scale or size.
The effective box size has been forced positive and is likely to give unexpected collision geometry.
If you absolutely need to use negative scaling you can use the convex MeshCollider. Scene hierarchy path "UI Root 3D/3DText(Clone)/Click Trigger"
BoxCollider does not support negative scale or size.
The effective box size has been forced positive and is likely to give unexpected collision geometry.
If you absolutely need to use negative scaling you can use the convex MeshCollider. Scene hierarchy path "UI Root 3D/3DText(Clone)/Click Trigger"
BoxCollider does not support negative scale or size.
The effective box size has been forced positive and is likely to give unexpected collision geometry.
If you absolutely need to use negative scaling you can use the convex MeshCollider. Scene hierarchy path "UI Root 3D/3DText(Clone)/Click Trigger"
BoxCollider does not support negative scale or size.
The effective box size has been forced positive and is likely to give unexpected collision geometry.
If you absolutely need to use negative scaling you can use the convex MeshCollider. Scene hierarchy path "UI Root 3D/3DText(Clone)/Click Trigger"
BoxCollider does not support negative scale or size.
The effective box size has been forced positive and is likely to give unexpected collision geometry.
If you absolutely need to use negative scaling you can use the convex MeshCollider. Scene hierarchy path "UI Root 3D/3DText(Clone)/Click Trigger"
BoxCollider does not support negative scale or size.
The effective box size has been forced positive and is likely to give unexpected collision geometry.
If you absolutely need to use negative scaling you can use the convex MeshCollider. Scene hierarchy path "UI Root 3D/3DText(Clone)/Click Trigger"
BoxCollider does not support negative scale or size.
The effective box size has been forced positive and is likely to give unexpected collision geometry.
If you absolutely need to use negative scaling you can use the convex MeshCollider. Scene hierarchy path "UI Root 3D/3DText(Clone)/Click Trigger"
Unloading 3 Unused Serialized files (Serialized files now loaded: 20)
Unloading 1735 unused Assets to reduce memory usage. Loaded Objects now: 99050.
Total: 621.345883 ms (FindLiveObjects: 6.678309 ms CreateObjectMapping: 2.219101 ms MarkObjects: 608.020729 ms  DeleteObjects: 4.427230 ms)

Unloading 1 Unused Serialized files (Serialized files now loaded: 20)
Unloading 599 unused Assets to reduce memory usage. Loaded Objects now: 100423.
Total: 540.493812 ms (FindLiveObjects: 6.490752 ms CreateObjectMapping: 1.645449 ms MarkObjects: 531.446876 ms  DeleteObjects: 0.910356 ms)

Unloading 1 Unused Serialized files (Serialized files now loaded: 20)
Unloading 415 unused Assets to reduce memory usage. Loaded Objects now: 101851.
Total: 651.361614 ms (FindLiveObjects: 6.662066 ms CreateObjectMapping: 1.710746 ms MarkObjects: 642.382501 ms  DeleteObjects: 0.605961 ms)

Unloading 1 Unused Serialized files (Serialized files now loaded: 20)
Unloading 742 unused Assets to reduce memory usage. Loaded Objects now: 103057.
Total: 563.250289 ms (FindLiveObjects: 7.110370 ms CreateObjectMapping: 1.809303 ms MarkObjects: 553.287007 ms  DeleteObjects: 1.043255 ms)

Unloading 1 Unused Serialized files (Serialized files now loaded: 20)
Unloading 704 unused Assets to reduce memory usage. Loaded Objects now: 103849.
Total: 663.083575 ms (FindLiveObjects: 6.719960 ms CreateObjectMapping: 1.670673 ms MarkObjects: 653.669145 ms  DeleteObjects: 1.023316 ms)

Unloading 1 Unused Serialized files (Serialized files now loaded: 20)
Unloading 813 unused Assets to reduce memory usage. Loaded Objects now: 107947.
Total: 560.093596 ms (FindLiveObjects: 7.486583 ms CreateObjectMapping: 1.735014 ms MarkObjects: 549.610283 ms  DeleteObjects: 1.261359 ms)

Unloading 1 Unused Serialized files (Serialized files now loaded: 20)
Unloading 954 unused Assets to reduce memory usage. Loaded Objects now: 105223.
Total: 696.518709 ms (FindLiveObjects: 7.657152 ms CreateObjectMapping: 1.849085 ms MarkObjects: 685.512901 ms  DeleteObjects: 1.499149 ms)

Unloading 1 Unused Serialized files (Serialized files now loaded: 20)
Unloading 747 unused Assets to reduce memory usage. Loaded Objects now: 105889.
Total: 706.501550 ms (FindLiveObjects: 7.693308 ms CreateObjectMapping: 1.704865 ms MarkObjects: 696.070808 ms  DeleteObjects: 1.032155 ms)

Unloading 1 Unused Serialized files (Serialized files now loaded: 20)
Unloading 676 unused Assets to reduce memory usage. Loaded Objects now: 106660.
Total: 698.197727 ms (FindLiveObjects: 7.428640 ms CreateObjectMapping: 1.822683 ms MarkObjects: 687.881112 ms  DeleteObjects: 1.064725 ms)

Unloading 1 Unused Serialized files (Serialized files now loaded: 20)
Unloading 591 unused Assets to reduce memory usage. Loaded Objects now: 106657.
Total: 507.490919 ms (FindLiveObjects: 7.024394 ms CreateObjectMapping: 1.601813 ms MarkObjects: 498.017020 ms  DeleteObjects: 0.847334 ms)

Unloading 1 Unused Serialized files (Serialized files now loaded: 20)
Unloading 619 unused Assets to reduce memory usage. Loaded Objects now: 107344.
Total: 338.818481 ms (FindLiveObjects: 7.493593 ms CreateObjectMapping: 1.732435 ms MarkObjects: 328.571143 ms  DeleteObjects: 1.020888 ms)

Unloading 1 Unused Serialized files (Serialized files now loaded: 20)
Unloading 809 unused Assets to reduce memory usage. Loaded Objects now: 106781.
Total: 352.319254 ms (FindLiveObjects: 7.795572 ms CreateObjectMapping: 2.106856 ms MarkObjects: 341.084627 ms  DeleteObjects: 1.331835 ms)

Unloading 1 Unused Serialized files (Serialized files now loaded: 20)
Unloading 707 unused Assets to reduce memory usage. Loaded Objects now: 107499.
Total: 505.980019 ms (FindLiveObjects: 8.416947 ms CreateObjectMapping: 2.155871 ms MarkObjects: 494.083533 ms  DeleteObjects: 1.323246 ms)

Unloading 1 Unused Serialized files (Serialized files now loaded: 20)
Unloading 923 unused Assets to reduce memory usage. Loaded Objects now: 108867.
Total: 355.394347 ms (FindLiveObjects: 7.138906 ms CreateObjectMapping: 2.016970 ms MarkObjects: 344.905311 ms  DeleteObjects: 1.332791 ms)

Unloading 1 Unused Serialized files (Serialized files now loaded: 20)
Unloading 635 unused Assets to reduce memory usage. Loaded Objects now: 108299.
Total: 495.888789 ms (FindLiveObjects: 7.344721 ms CreateObjectMapping: 1.874479 ms MarkObjects: 485.762646 ms  DeleteObjects: 0.906578 ms)

Unloading 1 Unused Serialized files (Serialized files now loaded: 20)
Unloading 433 unused Assets to reduce memory usage. Loaded Objects now: 108686.
Total: 377.566057 ms (FindLiveObjects: 7.176111 ms CreateObjectMapping: 1.757930 ms MarkObjects: 367.917437 ms  DeleteObjects: 0.714183 ms)

Unloading 1 Unused Serialized files (Serialized files now loaded: 20)
Unloading 690 unused Assets to reduce memory usage. Loaded Objects now: 108831.
Total: 336.232189 ms (FindLiveObjects: 7.646940 ms CreateObjectMapping: 1.730253 ms MarkObjects: 325.796145 ms  DeleteObjects: 1.058413 ms)

BoxCollider does not support negative scale or size.
The effective box size has been forced positive and is likely to give unexpected collision geometry.
If you absolutely need to use negative scaling you can use the convex MeshCollider. Scene hierarchy path "UI Root 3D/3DText(Clone)/Click Trigger"
BoxCollider does not support negative scale or size.
The effective box size has been forced positive and is likely to give unexpected collision geometry.
If you absolutely need to use negative scaling you can use the convex MeshCollider. Scene hierarchy path "UI Root 3D/3DText(Clone)/Click Trigger"
BoxCollider does not support negative scale or size.
The effective box size has been forced positive and is likely to give unexpected collision geometry.
If you absolutely need to use negative scaling you can use the convex MeshCollider. Scene hierarchy path "UI Root 3D/3DText(Clone)/Click Trigger"
BoxCollider does not support negative scale or size.
The effective box size has been forced positive and is likely to give unexpected collision geometry.
If you absolutely need to use negative scaling you can use the convex MeshCollider. Scene hierarchy path "UI Root 3D/3DText(Clone)/Click Trigger"
Unloading 1 Unused Serialized files (Serialized files now loaded: 20)
Unloading 1236 unused Assets to reduce memory usage. Loaded Objects now: 100435.
Total: 426.253586 ms (FindLiveObjects: 6.931599 ms CreateObjectMapping: 2.099621 ms MarkObjects: 415.506421 ms  DeleteObjects: 1.715413 ms)

BoxCollider does not support negative scale or size.
The effective box size has been forced positive and is likely to give unexpected collision geometry.
If you absolutely need to use negative scaling you can use the convex MeshCollider. Scene hierarchy path "UI Root 3D/3DText(Clone)/Click Trigger"
BoxCollider does not support negative scale or size.
The effective box size has been forced positive and is likely to give unexpected collision geometry.
If you absolutely need to use negative scaling you can use the convex MeshCollider. Scene hierarchy path "UI Root 3D/3DText(Clone)/Click Trigger"
BoxCollider does not support negative scale or size.
The effective box size has been forced positive and is likely to give unexpected collision geometry.
If you absolutely need to use negative scaling you can use the convex MeshCollider. Scene hierarchy path "UI Root 3D/3DText(Clone)/Click Trigger"
BoxCollider does not support negative scale or size.
The effective box size has been forced positive and is likely to give unexpected collision geometry.
If you absolutely need to use negative scaling you can use the convex MeshCollider. Scene hierarchy path "UI Root 3D/3DText(Clone)/Click Trigger"
BoxCollider does not support negative scale or size.
The effective box size has been forced positive and is likely to give unexpected collision geometry.
If you absolutely need to use negative scaling you can use the convex MeshCollider. Scene hierarchy path "UI Root 3D/3DText(Clone)/Click Trigger"
BoxCollider does not support negative scale or size.
The effective box size has been forced positive and is likely to give unexpected collision geometry.
If you absolutely need to use negative scaling you can use the convex MeshCollider. Scene hierarchy path "UI Root 3D/3DText(Clone)/Click Trigger"
BoxCollider does not support negative scale or size.
The effective box size has been forced positive and is likely to give unexpected collision geometry.
If you absolutely need to use negative scaling you can use the convex MeshCollider. Scene hierarchy path "UI Root 3D/3DText(Clone)/Click Trigger"
BoxCollider does not support negative scale or size.
The effective box size has been forced positive and is likely to give unexpected collision geometry.
If you absolutely need to use negative scaling you can use the convex MeshCollider. Scene hierarchy path "UI Root 3D/3DText(Clone)/Click Trigger"
BoxCollider does not support negative scale or size.
The effective box size has been forced positive and is likely to give unexpected collision geometry.
If you absolutely need to use negative scaling you can use the convex MeshCollider. Scene hierarchy path "UI Root 3D/3DText(Clone)/Click Trigger"
BoxCollider does not support negative scale or size.
The effective box size has been forced positive and is likely to give unexpected collision geometry.
If you absolutely need to use negative scaling you can use the convex MeshCollider. Scene hierarchy path "UI Root 3D/3DText(Clone)/Click Trigger"
Unloading 1 Unused Serialized files (Serialized files now loaded: 20)
Unloading 845 unused Assets to reduce memory usage. Loaded Objects now: 101017.
Total: 351.706168 ms (FindLiveObjects: 7.529171 ms CreateObjectMapping: 1.769873 ms MarkObjects: 341.129241 ms  DeleteObjects: 1.277484 ms)

Unloading 1 Unused Serialized files (Serialized files now loaded: 20)
Unloading 523 unused Assets to reduce memory usage. Loaded Objects now: 102839.
Total: 427.650973 ms (FindLiveObjects: 7.875200 ms CreateObjectMapping: 1.754646 ms MarkObjects: 417.256468 ms  DeleteObjects: 0.764288 ms)

Unloading 1 Unused Serialized files (Serialized files now loaded: 20)
Unloading 490 unused Assets to reduce memory usage. Loaded Objects now: 104182.
Total: 433.681453 ms (FindLiveObjects: 7.073195 ms CreateObjectMapping: 1.612326 ms MarkObjects: 424.281113 ms  DeleteObjects: 0.714405 ms)

Unloading 1 Unused Serialized files (Serialized files now loaded: 20)
Unloading 587 unused Assets to reduce memory usage. Loaded Objects now: 104346.
Total: 373.097175 ms (FindLiveObjects: 8.336371 ms CreateObjectMapping: 1.734219 ms MarkObjects: 361.998251 ms  DeleteObjects: 1.027854 ms)

Unloading 1 Unused Serialized files (Serialized files now loaded: 20)
Unloading 438 unused Assets to reduce memory usage. Loaded Objects now: 105221.
Total: 357.560834 ms (FindLiveObjects: 7.068983 ms CreateObjectMapping: 1.719244 ms MarkObjects: 348.069872 ms  DeleteObjects: 0.702377 ms)

Unloading 1 Unused Serialized files (Serialized files now loaded: 20)
Unloading 422 unused Assets to reduce memory usage. Loaded Objects now: 105851.
Total: 359.995419 ms (FindLiveObjects: 8.134548 ms CreateObjectMapping: 1.797200 ms MarkObjects: 349.459079 ms  DeleteObjects: 0.604233 ms)

Unloading 1 Unused Serialized files (Serialized files now loaded: 20)
Unloading 608 unused Assets to reduce memory usage. Loaded Objects now: 105726.
Total: 362.935027 ms (FindLiveObjects: 7.289022 ms CreateObjectMapping: 1.614596 ms MarkObjects: 353.304816 ms  DeleteObjects: 0.726195 ms)

Unloading 1 Unused Serialized files (Serialized files now loaded: 20)
Unloading 714 unused Assets to reduce memory usage. Loaded Objects now: 104334.
Total: 433.278271 ms (FindLiveObjects: 7.382435 ms CreateObjectMapping: 1.686801 ms MarkObjects: 423.301469 ms  DeleteObjects: 0.907150 ms)

Unloading 1 Unused Serialized files (Serialized files now loaded: 20)
Unloading 613 unused Assets to reduce memory usage. Loaded Objects now: 104533.
Total: 361.131559 ms (FindLiveObjects: 7.673889 ms CreateObjectMapping: 1.926477 ms MarkObjects: 350.601987 ms  DeleteObjects: 0.928725 ms)

Unloading 1 Unused Serialized files (Serialized files now loaded: 20)
Unloading 880 unused Assets to reduce memory usage. Loaded Objects now: 106550.
Total: 346.035133 ms (FindLiveObjects: 7.572204 ms CreateObjectMapping: 2.057657 ms MarkObjects: 334.985508 ms  DeleteObjects: 1.419295 ms)

Unloading 1 Unused Serialized files (Serialized files now loaded: 20)
Unloading 874 unused Assets to reduce memory usage. Loaded Objects now: 107133.
Total: 483.197293 ms (FindLiveObjects: 7.243688 ms CreateObjectMapping: 1.852622 ms MarkObjects: 472.862586 ms  DeleteObjects: 1.237731 ms)

Unloading 1 Unused Serialized files (Serialized files now loaded: 20)
Unloading 858 unused Assets to reduce memory usage. Loaded Objects now: 106375.
Total: 402.944271 ms (FindLiveObjects: 7.404141 ms CreateObjectMapping: 2.306468 ms MarkObjects: 391.968308 ms  DeleteObjects: 1.264975 ms)

Unloading 1 Unused Serialized files (Serialized files now loaded: 20)
Unloading 898 unused Assets to reduce memory usage. Loaded Objects now: 106960.
Total: 495.846481 ms (FindLiveObjects: 7.619638 ms CreateObjectMapping: 1.698889 ms MarkObjects: 485.167471 ms  DeleteObjects: 1.360113 ms)

Unloading 1 Unused Serialized files (Serialized files now loaded: 20)
Unloading 783 unused Assets to reduce memory usage. Loaded Objects now: 108432.
Total: 496.263503 ms (FindLiveObjects: 7.810123 ms CreateObjectMapping: 2.205361 ms MarkObjects: 485.006415 ms  DeleteObjects: 1.241217 ms)

Setting linear velocity of a kinematic body is not supported.
Setting linear velocity of a kinematic body is not supported.
Setting linear velocity of a kinematic body is not supported.
Setting linear velocity of a kinematic body is not supported.
Setting linear velocity of a kinematic body is not supported.
Setting linear velocity of a kinematic body is not supported.
BoxCollider does not support negative scale or size.
The effective box size has been forced positive and is likely to give unexpected collision geometry.
If you absolutely need to use negative scaling you can use the convex MeshCollider. Scene hierarchy path "UI Root 3D/3DText(Clone)/Click Trigger"
BoxCollider does not support negative scale or size.
The effective box size has been forced positive and is likely to give unexpected collision geometry.
If you absolutely need to use negative scaling you can use the convex MeshCollider. Scene hierarchy path "UI Root 3D/3DText(Clone)/Click Trigger"
BoxCollider does not support negative scale or size.
The effective box size has been forced positive and is likely to give unexpected collision geometry.
If you absolutely need to use negative scaling you can use the convex MeshCollider. Scene hierarchy path "UI Root 3D/3DText(Clone)/Click Trigger"
BoxCollider does not support negative scale or size.
The effective box size has been forced positive and is likely to give unexpected collision geometry.
If you absolutely need to use negative scaling you can use the convex MeshCollider. Scene hierarchy path "UI Root 3D/3DText(Clone)/Click Trigger"
BoxCollider does not support negative scale or size.
The effective box size has been forced positive and is likely to give unexpected collision geometry.
If you absolutely need to use negative scaling you can use the convex MeshCollider. Scene hierarchy path "UI Root 3D/3DText(Clone)/Click Trigger"
Unloading 1 Unused Serialized files (Serialized files now loaded: 20)
Unloading 1352 unused Assets to reduce memory usage. Loaded Objects now: 99014.
Total: 378.150797 ms (FindLiveObjects: 6.981217 ms CreateObjectMapping: 1.808998 ms MarkObjects: 366.793056 ms  DeleteObjects: 2.566872 ms)

Unloading 1 Unused Serialized files (Serialized files now loaded: 20)
Unloading 641 unused Assets to reduce memory usage. Loaded Objects now: 100013.
Total: 382.991257 ms (FindLiveObjects: 7.005048 ms CreateObjectMapping: 1.745332 ms MarkObjects: 373.436817 ms  DeleteObjects: 0.803658 ms)

Unloading 1 Unused Serialized files (Serialized files now loaded: 20)
Unloading 412 unused Assets to reduce memory usage. Loaded Objects now: 100874.
Total: 404.292633 ms (FindLiveObjects: 7.448514 ms CreateObjectMapping: 1.650576 ms MarkObjects: 394.541067 ms  DeleteObjects: 0.652105 ms)

Unloading 1 Unused Serialized files (Serialized files now loaded: 20)
Unloading 417 unused Assets to reduce memory usage. Loaded Objects now: 101543.
Total: 404.663359 ms (FindLiveObjects: 6.938772 ms CreateObjectMapping: 1.606598 ms MarkObjects: 395.473078 ms  DeleteObjects: 0.644541 ms)

Unloading 1 Unused Serialized files (Serialized files now loaded: 20)
Unloading 559 unused Assets to reduce memory usage. Loaded Objects now: 101952.
Total: 418.737935 ms (FindLiveObjects: 7.676233 ms CreateObjectMapping: 1.711666 ms MarkObjects: 408.333720 ms  DeleteObjects: 1.015916 ms)

Unloading 1 Unused Serialized files (Serialized files now loaded: 20)
Unloading 305 unused Assets to reduce memory usage. Loaded Objects now: 103258.
Total: 434.716046 ms (FindLiveObjects: 7.091230 ms CreateObjectMapping: 1.527013 ms MarkObjects: 425.633897 ms  DeleteObjects: 0.463499 ms)

Unloading 1 Unused Serialized files (Serialized files now loaded: 20)
Unloading 404 unused Assets to reduce memory usage. Loaded Objects now: 102505.
Total: 432.357350 ms (FindLiveObjects: 7.015837 ms CreateObjectMapping: 1.612386 ms MarkObjects: 423.051729 ms  DeleteObjects: 0.677058 ms)

Unloading 1 Unused Serialized files (Serialized files now loaded: 20)
Unloading 563 unused Assets to reduce memory usage. Loaded Objects now: 103069.
Total: 427.041431 ms (FindLiveObjects: 7.165268 ms CreateObjectMapping: 1.696298 ms MarkObjects: 417.367230 ms  DeleteObjects: 0.812264 ms)

Unloading 1 Unused Serialized files (Serialized files now loaded: 20)
Unloading 421 unused Assets to reduce memory usage. Loaded Objects now: 103245.
Total: 421.655127 ms (FindLiveObjects: 7.314266 ms CreateObjectMapping: 1.528317 ms MarkObjects: 412.197310 ms  DeleteObjects: 0.614864 ms)

Unloading 1 Unused Serialized files (Serialized files now loaded: 20)
Unloading 439 unused Assets to reduce memory usage. Loaded Objects now: 103283.
Total: 428.636492 ms (FindLiveObjects: 7.345824 ms CreateObjectMapping: 1.635172 ms MarkObjects: 418.970683 ms  DeleteObjects: 0.684446 ms)

Unloading 1 Unused Serialized files (Serialized files now loaded: 20)
Unloading 512 unused Assets to reduce memory usage. Loaded Objects now: 104199.
Total: 424.742413 ms (FindLiveObjects: 7.040924 ms CreateObjectMapping: 1.544348 ms MarkObjects: 415.357739 ms  DeleteObjects: 0.799057 ms)

Unloading 1 Unused Serialized files (Serialized files now loaded: 20)
Unloading 575 unused Assets to reduce memory usage. Loaded Objects now: 104476.
Total: 462.157489 ms (FindLiveObjects: 7.426364 ms CreateObjectMapping: 1.736738 ms MarkObjects: 452.040637 ms  DeleteObjects: 0.953243 ms)

Unloading 1 Unused Serialized files (Serialized files now loaded: 20)
Unloading 589 unused Assets to reduce memory usage. Loaded Objects now: 104681.
Total: 351.371981 ms (FindLiveObjects: 6.942475 ms CreateObjectMapping: 1.859547 ms MarkObjects: 341.694904 ms  DeleteObjects: 0.874413 ms)

Unloading 1 Unused Serialized files (Serialized files now loaded: 20)
Unloading 471 unused Assets to reduce memory usage. Loaded Objects now: 104528.
Total: 468.216776 ms (FindLiveObjects: 7.232592 ms CreateObjectMapping: 1.642590 ms MarkObjects: 458.507429 ms  DeleteObjects: 0.833803 ms)

Unloading 1 Unused Serialized files (Serialized files now loaded: 20)
Unloading 806 unused Assets to reduce memory usage. Loaded Objects now: 105838.
Total: 381.768508 ms (FindLiveObjects: 7.376478 ms CreateObjectMapping: 2.328021 ms MarkObjects: 370.872470 ms  DeleteObjects: 1.191184 ms)

Unloading 1 Unused Serialized files (Serialized files now loaded: 20)
Unloading 476 unused Assets to reduce memory usage. Loaded Objects now: 105355.
Total: 482.505345 ms (FindLiveObjects: 9.016976 ms CreateObjectMapping: 1.747295 ms MarkObjects: 470.857032 ms  DeleteObjects: 0.883663 ms)

Unloading 1 Unused Serialized files (Serialized files now loaded: 20)
Unloading 697 unused Assets to reduce memory usage. Loaded Objects now: 105526.
Total: 357.440643 ms (FindLiveObjects: 7.394735 ms CreateObjectMapping: 1.795127 ms MarkObjects: 347.203427 ms  DeleteObjects: 1.046906 ms)

Unloading 1 Unused Serialized files (Serialized files now loaded: 20)
Unloading 584 unused Assets to reduce memory usage. Loaded Objects now: 105891.
Total: 355.218539 ms (FindLiveObjects: 7.255685 ms CreateObjectMapping: 1.640657 ms MarkObjects: 345.385779 ms  DeleteObjects: 0.936041 ms)

Unloading 1 Unused Serialized files (Serialized files now loaded: 20)
Unloading 574 unused Assets to reduce memory usage. Loaded Objects now: 106182.
Total: 461.663310 ms (FindLiveObjects: 7.134489 ms CreateObjectMapping: 1.607006 ms MarkObjects: 451.937380 ms  DeleteObjects: 0.984009 ms)

Unloading 1 Unused Serialized files (Serialized files now loaded: 20)
Unloading 704 unused Assets to reduce memory usage. Loaded Objects now: 97287.
Total: 363.646940 ms (FindLiveObjects: 6.562152 ms CreateObjectMapping: 1.573345 ms MarkObjects: 354.363306 ms  DeleteObjects: 1.147787 ms)

Unloading 4 Unused Serialized files (Serialized files now loaded: 20)
UnloadTime: 1812.410640 ms
DontDestroyOnLoad only works for root GameObjects or components on root GameObjects.
Unloading 3915 unused Assets to reduce memory usage. Loaded Objects now: 63587.
Total: 545.472330 ms (FindLiveObjects: 4.133541 ms CreateObjectMapping: 1.248938 ms MarkObjects: 532.026389 ms  DeleteObjects: 8.062765 ms)

Unloading 4 Unused Serialized files (Serialized files now loaded: 0)
Can't add component to object that is being destroyed.
Can't add component to object that is being destroyed.
UnloadTime: 26.932146 ms
DontDestroyOnLoad only works for root GameObjects or components on root GameObjects.
Unloading 2890 unused Assets to reduce memory usage. Loaded Objects now: 63587.
Total: 467.637103 ms (FindLiveObjects: 4.593164 ms CreateObjectMapping: 0.971880 ms MarkObjects: 460.771128 ms  DeleteObjects: 1.300306 ms)

Unloading 1 Unused Serialized files (Serialized files now loaded: 0)
Unloading 0 unused Assets to reduce memory usage. Loaded Objects now: 63587.
Total: 469.568931 ms (FindLiveObjects: 4.404190 ms CreateObjectMapping: 0.757266 ms MarkObjects: 464.298981 ms  DeleteObjects: 0.108085 ms)

Unloading 0 Unused Serialized files (Serialized files now loaded: 0)
Unloading 0 unused Assets to reduce memory usage. Loaded Objects now: 63587.
Total: 457.123706 ms (FindLiveObjects: 3.514750 ms CreateObjectMapping: 0.709572 ms MarkObjects: 452.835891 ms  DeleteObjects: 0.063008 ms)

Unloading 1 Unused Serialized files (Serialized files now loaded: 0)
Unloading 1 unused Assets to reduce memory usage. Loaded Objects now: 61688.
Total: 439.341288 ms (FindLiveObjects: 3.769800 ms CreateObjectMapping: 0.720034 ms MarkObjects: 434.774940 ms  DeleteObjects: 0.076090 ms)

