Processor: Intel(R) Core(TM) i5-7600K CPU @ 3.80GHz, 4 core(s) @ 1600 MHz 
Available Memory: 11919 MB 
Linux Kernel and distribution: Linux 6.18 Steam Runtime 2 64bit
System Language: en
Keyboard Layout: default
Selected window backend: x11 
Mono path[0] = '/home/mckahz/GAMES/SteamLibrary/steamapps/common/Tabletop Simulator/Tabletop Simulator_Data/Managed'
Mono config path = '/home/mckahz/GAMES/SteamLibrary/steamapps/common/Tabletop Simulator/Tabletop Simulator_Data/MonoBleedingEdge/etc'
Failed to open plugin: /home/mckahz/GAMES/SteamLibrary/steamapps/common/Tabletop Simulator/Tabletop Simulator_Data/Plugins/libwidevinecdmadapter.so
Input System module state changed to: Initialized.
Display 0 'HDMI-A-1 23"': 1920x1080 (primary device).
[Physics::Module] Initialized fallback backend.
[Physics::Module] Id: 0xdecafbad
Desktop is 1920 x 1080 @ 60 Hz
Could not fetch DPI for display (HDMI-A-1 23"): Couldn't get DPI
Initialize engine version: 6000.3.10f1 (e35f0c77bd8e)
[Subsystems] Discovering subsystems at path /home/mckahz/GAMES/SteamLibrary/steamapps/common/Tabletop Simulator/Tabletop Simulator_Data/UnitySubsystems
[Subsystems] No descriptors matched for  examples in UnitySubsystems/XRSDKOpenVR/UnitySubsystemsManifest.json.
[Subsystems] 1 'inputs' descriptors matched in UnitySubsystems/XRSDKOpenVR/UnitySubsystemsManifest.json
[Subsystems] 1 'displays' descriptors matched in UnitySubsystems/XRSDKOpenVR/UnitySubsystemsManifest.json
[Subsystems] No descriptors matched for  meshings in UnitySubsystems/XRSDKOpenVR/UnitySubsystemsManifest.json.
GfxDevice: creating device client; kGfxThreadingModeThreaded
Renderer: NVIDIA GeForce RTX 2070/PCIe/SSE2
Vendor:   NVIDIA Corporation
Version:  4.5.0 NVIDIA 595.58.03
GLES:     0
 GL_AMD_multi_draw_indirect GL_AMD_seamless_cubemap_per_texture GL_AMD_vertex_shader_viewport_index GL_AMD_vertex_shader_layer GL_ARB_arrays_of_arrays GL_ARB_base_instance GL_ARB_bindless_texture GL_ARB_blend_func_extended GL_ARB_buffer_storage GL_ARB_clear_buffer_object GL_ARB_clear_texture GL_ARB_clip_control GL_ARB_color_buffer_float GL_ARB_compressed_texture_pixel_storage GL_ARB_conservative_depth GL_ARB_compute_shader GL_ARB_compute_variable_group_size GL_ARB_conditional_render_inverted GL_ARB_copy_buffer GL_ARB_copy_image GL_ARB_cull_distance GL_ARB_debug_output GL_ARB_depth_buffer_float GL_ARB_depth_clamp GL_ARB_depth_texture GL_ARB_derivative_control GL_ARB_direct_state_access GL_ARB_draw_buffers GL_ARB_draw_buffers_blend GL_ARB_draw_indirect GL_ARB_draw_elements_base_vertex GL_ARB_draw_instanced GL_ARB_enhanced_layouts GL_ARB_ES2_compatibility GL_ARB_ES3_compatibility GL_ARB_ES3_1_compatibility GL_ARB_ES3_2_compatibility GL_ARB_explicit_attrib_location GL_ARB_explicit_uniform_location GL_ARB_fragmen
t_coord_conventions GL_ARB_fragment_layer_viewport GL_ARB_fragment_program GL_ARB_fragment_program_shadow GL_ARB_fragment_shader GL_ARB_fragment_shader_interlock GL_ARB_framebuffer_no_attachments GL_ARB_framebuffer_object GL_ARB_framebuffer_sRGB GL_ARB_geometry_shader4 GL_ARB_get_program_binary GL_ARB_get_texture_sub_image GL_ARB_gl_spirv GL_ARB_gpu_shader5 GL_ARB_gpu_shader_fp64 GL_ARB_gpu_shader_int64 GL_ARB_half_float_pixel GL_ARB_half_float_vertex GL_ARB_imaging GL_ARB_indirect_parameters GL_ARB_instanced_arrays GL_ARB_internalformat_query GL_ARB_internalformat_query2 GL_ARB_invalidate_subdata GL_ARB_map_buffer_alignment GL_ARB_map_buffer_range GL_ARB_multi_bind GL_ARB_multi_draw_indirect GL_ARB_multisample GL_ARB_multitexture GL_ARB_occlusion_query GL_ARB_occlusion_query2 GL_ARB_parallel_shader_compile GL_ARB_pipeline_statistics_query GL_ARB_pixel_buffer_object GL_ARB_point_parameters GL_ARB_point_sprite GL_ARB_polygon_offset_clamp GL_ARB_post_depth_coverage GL_ARB_program_interface_query GL_ARB_provoki
ng_vertex GL_ARB_query_buffer_object GL_ARB_robust_buffer_access_behavior GL_ARB_robustness GL_ARB_sample_locations GL_ARB_sample_shading GL_ARB_sampler_objects GL_ARB_seamless_cube_map GL_ARB_seamless_cubemap_per_texture GL_ARB_separate_shader_objects GL_ARB_shader_atomic_counter_ops GL_ARB_shader_atomic_counters GL_ARB_shader_ballot GL_ARB_shader_bit_encoding GL_ARB_shader_clock GL_ARB_shader_draw_parameters GL_ARB_shader_group_vote GL_ARB_shader_image_load_store GL_ARB_shader_image_size GL_ARB_shader_objects GL_ARB_shader_precision GL_ARB_shader_storage_buffer_object GL_ARB_shader_subroutine GL_ARB_shader_texture_image_samples GL_ARB_shader_texture_lod GL_ARB_shading_language_100 GL_ARB_shader_viewport_layer_array GL_ARB_shading_language_420pack GL_ARB_shading_language_include GL_ARB_shading_language_packing GL_ARB_shadow GL_ARB_sparse_buffer GL_ARB_sparse_texture GL_ARB_sparse_texture2 GL_ARB_sparse_texture_clamp GL_ARB_spirv_extensions GL_ARB_stencil_texturing GL_ARB_sync GL_ARB_tessellation_shader GL_A
RB_texture_barrier GL_ARB_texture_border_clamp GL_ARB_texture_buffer_object GL_ARB_texture_buffer_object_rgb32 GL_ARB_texture_buffer_range GL_ARB_texture_compression GL_ARB_texture_compression_bptc GL_ARB_texture_compression_rgtc GL_ARB_texture_cube_map GL_ARB_texture_cube_map_array GL_ARB_texture_env_add GL_ARB_texture_env_combine GL_ARB_texture_env_crossbar GL_ARB_texture_env_dot3 GL_ARB_texture_filter_anisotropic GL_ARB_texture_filter_minmax GL_ARB_texture_float GL_ARB_texture_gather GL_ARB_texture_mirror_clamp_to_edge GL_ARB_texture_mirrored_repeat GL_ARB_texture_multisample GL_ARB_texture_non_power_of_two GL_ARB_texture_query_levels GL_ARB_texture_query_lod GL_ARB_texture_rectangle GL_ARB_texture_rg GL_ARB_texture_rgb10_a2ui GL_ARB_texture_stencil8 GL_ARB_texture_storage GL_ARB_texture_storage_multisample GL_ARB_texture_swizzle GL_ARB_texture_view GL_ARB_timer_query GL_ARB_transform_feedback2 GL_ARB_transform_feedback3 GL_ARB_transform_feedback_instanced GL_ARB_transform_feedback_overflow_query GL_ARB_t
ranspose_matrix GL_ARB_uniform_buffer_object GL_ARB_vertex_array_bgra GL_ARB_vertex_array_object GL_ARB_vertex_attrib_64bit GL_ARB_vertex_attrib_binding GL_ARB_vertex_buffer_object GL_ARB_vertex_program GL_ARB_vertex_shader GL_ARB_vertex_type_10f_11f_11f_rev GL_ARB_vertex_type_2_10_10_10_rev GL_ARB_viewport_array GL_ARB_window_pos GL_ATI_draw_buffers GL_ATI_texture_float GL_ATI_texture_mirror_once GL_S3_s3tc GL_EXT_texture_env_add GL_EXT_abgr GL_EXT_bgra GL_EXT_bindable_uniform GL_EXT_blend_color GL_EXT_blend_equation_separate GL_EXT_blend_func_separate GL_EXT_blend_minmax GL_EXT_blend_subtract GL_EXT_compiled_vertex_array GL_EXT_Cg_shader GL_EXT_depth_bounds_test GL_EXT_direct_state_access GL_EXT_draw_buffers2 GL_EXT_draw_instanced GL_EXT_draw_range_elements GL_EXT_fog_coord GL_EXT_framebuffer_blit GL_EXT_framebuffer_multisample GL_EXTX_framebuffer_mixed_formats GL_EXT_framebuffer_multisample_blit_scaled GL_EXT_framebuffer_object GL_EXT_framebuffer_sRGB GL_EXT_geometry_shader4 GL_EXT_gpu_program_parameters 
GL_EXT_gpu_shader4 GL_EXT_multi_draw_arrays GL_EXT_multiview_texture_multisample GL_EXT_multiview_timer_query GL_EXT_packed_depth_stencil GL_EXT_packed_float GL_EXT_packed_pixels GL_EXT_pixel_buffer_object GL_EXT_point_parameters GL_EXT_polygon_offset_clamp GL_EXT_post_depth_coverage GL_EXT_provoking_vertex GL_EXT_raster_multisample GL_EXT_rescale_normal GL_EXT_secondary_color GL_EXT_separate_shader_objects GL_EXT_separate_specular_color GL_EXT_shader_image_load_formatted GL_EXT_shader_image_load_store GL_EXT_shader_integer_mix GL_EXT_shadow_funcs GL_EXT_sparse_texture2 GL_EXT_stencil_two_side GL_EXT_stencil_wrap GL_EXT_texture3D GL_EXT_texture_array GL_EXT_texture_buffer_object GL_EXT_texture_compression_dxt1 GL_EXT_texture_compression_latc GL_EXT_texture_compression_rgtc GL_EXT_texture_compression_s3tc GL_EXT_texture_cube_map GL_EXT_texture_edge_clamp GL_EXT_texture_env_combine GL_EXT_texture_env_dot3 GL_EXT_texture_filter_anisotropic GL_EXT_texture_filter_minmax GL_EXT_texture_integer GL_EXT_texture_lod G
L_EXT_texture_lod_bias GL_EXT_texture_mirror_clamp GL_EXT_texture_object GL_EXT_texture_shadow_lod GL_EXT_texture_shared_exponent GL_EXT_texture_sRGB GL_EXT_texture_sRGB_R8 GL_EXT_texture_sRGB_decode GL_EXT_texture_storage GL_EXT_texture_swizzle GL_EXT_timer_query GL_EXT_transform_feedback2 GL_EXT_vertex_array GL_EXT_vertex_array_bgra GL_EXT_vertex_attrib_64bit GL_EXT_window_rectangles GL_EXT_x11_sync_object GL_EXT_import_sync_object GL_NV_robustness_video_memory_purge GL_IBM_rasterpos_clip GL_IBM_texture_mirrored_repeat GL_KHR_context_flush_control GL_KHR_debug GL_EXT_memory_object GL_EXT_memory_object_fd GL_NV_memory_object_sparse GL_KHR_parallel_shader_compile GL_KHR_no_error GL_KHR_robust_buffer_access_behavior GL_KHR_robustness GL_EXT_semaphore GL_EXT_semaphore_fd GL_NV_timeline_semaphore GL_KHR_shader_subgroup GL_KTX_buffer_region GL_NV_alpha_to_coverage_dither_control GL_NV_bindless_multi_draw_indirect GL_NV_bindless_multi_draw_indirect_count GL_NV_bindless_texture GL_NV_blend_equation_advanced GL_NV_
blend_equation_advanced_coherent GL_NVX_blend_equation_advanced_multi_draw_buffers GL_NV_blend_minmax_factor GL_NV_blend_square GL_NV_clip_space_w_scaling GL_NV_command_list GL_NV_compute_program5 GL_NV_compute_shader_derivatives GL_NV_conditional_render GL_NV_conservative_raster GL_NV_conservative_raster_dilate GL_NV_conservative_raster_pre_snap GL_NV_conservative_raster_pre_snap_triangles GL_NV_conservative_raster_underestimation GL_NV_copy_depth_to_color GL_NV_copy_image GL_NV_depth_buffer_float GL_NV_depth_clamp GL_NV_draw_texture GL_NV_draw_vulkan_image GL_NV_ES1_1_compatibility GL_NV_ES3_1_compatibility GL_NV_explicit_multisample GL_NV_feature_query GL_NV_fence GL_NV_fill_rectangle GL_NV_float_buffer GL_NV_fog_distance GL_NV_fragment_coverage_to_color GL_NV_fragment_program GL_NV_fragment_program_option GL_NV_fragment_program2 GL_NV_fragment_shader_barycentric GL_NV_fragment_shader_interlock GL_NV_framebuffer_mixed_samples GL_NV_framebuffer_multisample_coverage GL_NV_geometry_shader4 GL_NV_geometry_sha
der_passthrough GL_NV_gpu_program4 GL_NV_internalformat_sample_query GL_NV_gpu_program4_1 GL_NV_gpu_program5 GL_NV_gpu_program5_mem_extended GL_NV_gpu_program_fp64 GL_NV_gpu_program_multiview GL_NV_gpu_shader5 GL_NV_half_float GL_NV_light_max_exponent GL_NV_memory_attachment GL_NV_mesh_shader GL_NV_multisample_coverage GL_NV_multisample_filter_hint GL_NV_occlusion_query GL_NV_packed_depth_stencil GL_NV_parameter_buffer_object GL_NV_parameter_buffer_object2 GL_NV_path_rendering GL_NV_path_rendering_shared_edge GL_NV_pixel_data_range GL_NV_point_sprite GL_NV_primitive_restart GL_NV_query_resource GL_NV_query_resource_tag GL_NV_register_combiners GL_NV_register_combiners2 GL_NV_representative_fragment_test GL_NV_sample_locations GL_NV_sample_mask_override_coverage GL_NV_scissor_exclusive GL_NV_shader_atomic_counters GL_NV_shader_atomic_float GL_NV_shader_atomic_float64 GL_NV_shader_atomic_fp16_vector GL_NV_shader_atomic_int64 GL_NV_shader_buffer_load GL_NV_shader_storage_buffer_object GL_NV_shader_subgroup_part
itioned GL_NV_shader_texture_footprint GL_NV_shading_rate_image GL_NV_stereo_view_rendering GL_NV_texgen_reflection GL_NV_texture_barrier GL_NV_texture_compression_vtc GL_NV_texture_env_combine4 GL_NV_texture_multisample GL_NV_texture_rectangle GL_NV_texture_rectangle_compressed GL_NV_texture_shader GL_NV_texture_shader2 GL_NV_texture_shader3 GL_NV_transform_feedback GL_NV_transform_feedback2 GL_NV_uniform_buffer_unified_memory GL_NV_uniform_buffer_std430_layout GL_NV_vdpau_interop GL_NV_vdpau_interop2 GL_NV_vertex_array_range GL_NV_vertex_array_range2 GL_NV_vertex_attrib_integer_64bit GL_NV_vertex_buffer_unified_memory GL_NV_vertex_program GL_NV_vertex_program1_1 GL_NV_vertex_program2 GL_NV_vertex_program2_option GL_NV_vertex_program3 GL_NV_viewport_array2 GL_NV_viewport_swizzle GL_NVX_conditional_render GL_NV_gpu_multicast GL_NVX_progress_fence GL_NVX_gpu_memory_info GL_NVX_nvenc_interop GL_NV_shader_thread_group GL_NV_shader_thread_shuffle GL_KHR_blend_equation_advanced GL_KHR_blend_equation_advanced_cohe
rent GL_OVR_multiview GL_OVR_multiview2 GL_SGIS_generate_mipmap GL_SGIS_texture_lod GL_SGIX_depth_texture GL_SGIX_shadow GL_SUN_slice_accum
OPENGL LOG: Creating OpenGL 4.5 graphics device ; Context level  <OpenGL 4.5> ; Context handle 264546024
Begin MonoManager ReloadAssembly
- Loaded All Assemblies, in  1.477 seconds
- Finished resetting the current domain, in  0.007 seconds
[Physics::Module] Selected backend.
[Physics::Module] Name: PhysX
[Physics::Module] Id: 0xf2b8ea05
[Physics::Module] SDK Version: 4.1.2
[Physics::Module] Integration Version: 1.0.0
[Physics::Module] Threading Mode: Multi-Threaded
XRGeneral Settings awakening...
Default vsync count 0
Could not fetch DPI for display (HDMI-A-1 23"): Couldn't get DPI
Could not fetch DPI for display (HDMI-A-1 23"): Couldn't get DPI
requesting resize 1888 x 979
requesting fullscreen 1888 x 979 at 0/1 Hz
Setting up downscaled viewport at 1888 x 979
Desktop is 1920 x 1080 @ 60 Hz
Could not fetch DPI for display (HDMI-A-1 23"): Couldn't get DPI
Could not fetch DPI for display (HDMI-A-1 23"): Couldn't get DPI
The referenced script on this Behaviour (Game Object 'fiBackupSceneStorage') is missing!
UnloadTime: 0.687958 ms
Odin Serializer ArchitectureInfo initialization with defaults (all unaligned read/writes disabled).
Odin Serializer detected whitelisted runtime platform LinuxPlayer and memory read test succeeded; enabling all unaligned memory read/writes.
Changing real window size to 936 x 983
Could not fetch DPI for display (HDMI-A-1 23"): Couldn't get DPI
Could not fetch DPI for display (HDMI-A-1 23"): Couldn't get DPI
Setting up downscaled viewport at 1888 x 979
The referenced script on this Behaviour (Game Object 'Custom Button') is missing!
The referenced script on this Behaviour (Game Object 'Delete') is missing!
Changing real window size to 1888 x 983
Could not fetch DPI for display (HDMI-A-1 23"): Couldn't get DPI
Could not fetch DPI for display (HDMI-A-1 23"): Couldn't get DPI
Setting up downscaled viewport at 1888 x 979
Serialization depth limit 10 exceeded at 'GridButton.Thumbnail'. There may be an object composition cycle in one or more of your serialized classes. Consider rearranging data or use `[SerializeReference]`. 

Serialization hierarchy:
11: GridButton.Thumbnail
10: GridButtonFolder.FolderButtons
9: GridButtonFolder.FolderButtons
8: GridButtonFolder.FolderButtons
7: GridButtonFolder.FolderButtons
6: GridButtonFolder.FolderButtons
5: GridButtonFolder.FolderButtons
4: GridButtonFolder.FolderButtons
3: GridButtonFolder.FolderButtons
2: GridButtonFolder.FolderButtons
1: GridButtonFolder.FolderButtons
0: UIGridMenuComponents.FolderComponents
Serialization depth limit 10 exceeded at 'GridButton.Thumbnail'. There may be an object composition cycle in one or more of your serialized classes. Consider rearranging data or use `[SerializeReference]`. 

Serialization hierarchy:
11: GridButton.Thumbnail
10: GridButtonFolder.FolderButtons
9: GridButtonFolder.FolderButtons
8: GridButtonFolder.FolderButtons
7: GridButtonFolder.FolderButtons
6: GridButtonFolder.FolderButtons
5: GridButtonFolder.FolderButtons
4: GridButtonFolder.FolderButtons
3: GridButtonFolder.FolderButtons
2: GridButtonFolder.FolderButtons
1: GridButtonFolder.FolderButtons
0: GridButtonFolder.FolderButtons
Serialization depth limit 10 exceeded at 'GridButton.Thumbnail'. There may be an object composition cycle in one or more of your serialized classes. Consider rearranging data or use `[SerializeReference]`. 

Serialization hierarchy:
11: GridButton.Thumbnail
10: GridButtonFolder.FolderButtons
9: GridButtonFolder.FolderButtons
8: GridButtonFolder.FolderButtons
7: GridButtonFolder.FolderButtons
6: GridButtonFolder.FolderButtons
5: GridButtonFolder.FolderButtons
4: GridButtonFolder.FolderButtons
3: GridButtonFolder.FolderButtons
2: GridButtonFolder.FolderButtons
1: GridButtonFolder.FolderButtons
0: UIGridMenuObjects.ComponentsButtons
Unloading 5 Unused Serialized files (Serialized files now loaded: 0)
UnloadTime: 7.117931 ms
[S_API] SteamAPI_Init(): Loaded '/home/mckahz/.local/share/Steam/linux64/steamclient.so' OK.
Setting breakpad minidump AppID = 286160
SteamInternal_SetMinidumpSteamID:  Caching Steam ID:  76561198090990430 [API loaded no]
DontDestroyOnLoad only works for root GameObjects or components on root GameObjects.
Unloading 275 unused Assets to reduce memory usage. Loaded Objects now: 61175.
Total: 21.744514 ms (FindLiveObjects: 3.416803 ms CreateObjectMapping: 0.846269 ms MarkObjects: 17.067605 ms  DeleteObjects: 0.413530 ms)

Unloading 2 Unused Serialized files (Serialized files now loaded: 0)
Unloading 0 unused Assets to reduce memory usage. Loaded Objects now: 61689.
Total: 33.217675 ms (FindLiveObjects: 3.644015 ms CreateObjectMapping: 0.791778 ms MarkObjects: 28.657133 ms  DeleteObjects: 0.124453 ms)

Unloading 2 Unused Serialized files (Serialized files now loaded: 0)
Unloading 1033 unused Assets to reduce memory usage. Loaded Objects now: 74683.
Total: 304.580367 ms (FindLiveObjects: 6.441269 ms CreateObjectMapping: 3.093564 ms MarkObjects: 292.809074 ms  DeleteObjects: 2.236214 ms)

Desired shader compiler platform 15 is not available in shader blob
Desired shader compiler platform 15 is not available in shader blob
Desired shader compiler platform 15 is not available in shader blob
Desired shader compiler platform 15 is not available in shader blob
Desired shader compiler platform 15 is not available in shader blob
Desired shader compiler platform 15 is not available in shader blob
Desired shader compiler platform 15 is not available in shader blob
Desired shader compiler platform 15 is not available in shader blob
Desired shader compiler platform 15 is not available in shader blob
Desired shader compiler platform 15 is not available in shader blob
Desired shader compiler platform 15 is not available in shader blob
Desired shader compiler platform 15 is not available in shader blob
Desired shader compiler platform 15 is not available in shader blob
BoxCollider does not support negative scale or size.
The effective box size has been forced positive and is likely to give unexpected collision geometry.
If you absolutely need to use negative scaling you can use the convex MeshCollider. Scene hierarchy path "UI Root 3D/3DText(Clone)/Click Trigger"
BoxCollider does not support negative scale or size.
The effective box size has been forced positive and is likely to give unexpected collision geometry.
If you absolutely need to use negative scaling you can use the convex MeshCollider. Scene hierarchy path "UI Root 3D/3DText(Clone)/Click Trigger"
Unloading 3 Unused Serialized files (Serialized files now loaded: 20)
Unloading 1444 unused Assets to reduce memory usage. Loaded Objects now: 96325.
Total: 376.640875 ms (FindLiveObjects: 7.329142 ms CreateObjectMapping: 2.485038 ms MarkObjects: 363.349730 ms  DeleteObjects: 3.476614 ms)

BoxCollider does not support negative scale or size.
The effective box size has been forced positive and is likely to give unexpected collision geometry.
If you absolutely need to use negative scaling you can use the convex MeshCollider. Scene hierarchy path "UI Root 3D/3DText(Clone)/Click Trigger"
BoxCollider does not support negative scale or size.
The effective box size has been forced positive and is likely to give unexpected collision geometry.
If you absolutely need to use negative scaling you can use the convex MeshCollider. Scene hierarchy path "UI Root 3D/3DText(Clone)/Click Trigger"
BoxCollider does not support negative scale or size.
The effective box size has been forced positive and is likely to give unexpected collision geometry.
If you absolutely need to use negative scaling you can use the convex MeshCollider. Scene hierarchy path "UI Root 3D/3DText(Clone)/Click Trigger"
BoxCollider does not support negative scale or size.
The effective box size has been forced positive and is likely to give unexpected collision geometry.
If you absolutely need to use negative scaling you can use the convex MeshCollider. Scene hierarchy path "UI Root 3D/3DText(Clone)/Click Trigger"
BoxCollider does not support negative scale or size.
The effective box size has been forced positive and is likely to give unexpected collision geometry.
If you absolutely need to use negative scaling you can use the convex MeshCollider. Scene hierarchy path "UI Root 3D/3DText(Clone)/Click Trigger"
BoxCollider does not support negative scale or size.
The effective box size has been forced positive and is likely to give unexpected collision geometry.
If you absolutely need to use negative scaling you can use the convex MeshCollider. Scene hierarchy path "UI Root 3D/3DText(Clone)/Click Trigger"
BoxCollider does not support negative scale or size.
The effective box size has been forced positive and is likely to give unexpected collision geometry.
If you absolutely need to use negative scaling you can use the convex MeshCollider. Scene hierarchy path "UI Root 3D/3DText(Clone)/Click Trigger"
BoxCollider does not support negative scale or size.
The effective box size has been forced positive and is likely to give unexpected collision geometry.
If you absolutely need to use negative scaling you can use the convex MeshCollider. Scene hierarchy path "UI Root 3D/3DText(Clone)/Click Trigger"
Unloading 1 Unused Serialized files (Serialized files now loaded: 20)
Unloading 624 unused Assets to reduce memory usage. Loaded Objects now: 98907.
Total: 376.115247 ms (FindLiveObjects: 6.107532 ms CreateObjectMapping: 1.901517 ms MarkObjects: 367.276679 ms  DeleteObjects: 0.829258 ms)

Unloading 1 Unused Serialized files (Serialized files now loaded: 20)
Unloading 447 unused Assets to reduce memory usage. Loaded Objects now: 100226.
Total: 376.274766 ms (FindLiveObjects: 6.404525 ms CreateObjectMapping: 1.840547 ms MarkObjects: 367.230640 ms  DeleteObjects: 0.798792 ms)

Unloading 1 Unused Serialized files (Serialized files now loaded: 20)
Unloading 374 unused Assets to reduce memory usage. Loaded Objects now: 100852.
Total: 369.330276 ms (FindLiveObjects: 6.310542 ms CreateObjectMapping: 1.786127 ms MarkObjects: 360.596969 ms  DeleteObjects: 0.636391 ms)

Unloading 1 Unused Serialized files (Serialized files now loaded: 20)
Unloading 567 unused Assets to reduce memory usage. Loaded Objects now: 102846.
Total: 332.627934 ms (FindLiveObjects: 8.883093 ms CreateObjectMapping: 2.987233 ms MarkObjects: 319.930492 ms  DeleteObjects: 0.826839 ms)

Unloading 1 Unused Serialized files (Serialized files now loaded: 20)
Unloading 516 unused Assets to reduce memory usage. Loaded Objects now: 103231.
Total: 400.581265 ms (FindLiveObjects: 6.530931 ms CreateObjectMapping: 1.826998 ms MarkObjects: 391.456708 ms  DeleteObjects: 0.766352 ms)

Unloading 1 Unused Serialized files (Serialized files now loaded: 20)
Unloading 545 unused Assets to reduce memory usage. Loaded Objects now: 103661.
Total: 342.497853 ms (FindLiveObjects: 7.843032 ms CreateObjectMapping: 1.847492 ms MarkObjects: 331.649619 ms  DeleteObjects: 1.157222 ms)

Unloading 1 Unused Serialized files (Serialized files now loaded: 20)
Unloading 588 unused Assets to reduce memory usage. Loaded Objects now: 104456.
Total: 406.841205 ms (FindLiveObjects: 7.132764 ms CreateObjectMapping: 2.018674 ms MarkObjects: 396.687668 ms  DeleteObjects: 1.001793 ms)

BoxCollider does not support negative scale or size.
The effective box size has been forced positive and is likely to give unexpected collision geometry.
If you absolutely need to use negative scaling you can use the convex MeshCollider. Scene hierarchy path "UI Root 3D/3DText(Clone)/Click Trigger"
BoxCollider does not support negative scale or size.
The effective box size has been forced positive and is likely to give unexpected collision geometry.
If you absolutely need to use negative scaling you can use the convex MeshCollider. Scene hierarchy path "UI Root 3D/3DText(Clone)/Click Trigger"
BoxCollider does not support negative scale or size.
The effective box size has been forced positive and is likely to give unexpected collision geometry.
If you absolutely need to use negative scaling you can use the convex MeshCollider. Scene hierarchy path "UI Root 3D/3DText(Clone)/Click Trigger"
BoxCollider does not support negative scale or size.
The effective box size has been forced positive and is likely to give unexpected collision geometry.
If you absolutely need to use negative scaling you can use the convex MeshCollider. Scene hierarchy path "UI Root 3D/3DText(Clone)/Click Trigger"
BoxCollider does not support negative scale or size.
The effective box size has been forced positive and is likely to give unexpected collision geometry.
If you absolutely need to use negative scaling you can use the convex MeshCollider. Scene hierarchy path "UI Root 3D/3DText(Clone)/Click Trigger"
BoxCollider does not support negative scale or size.
The effective box size has been forced positive and is likely to give unexpected collision geometry.
If you absolutely need to use negative scaling you can use the convex MeshCollider. Scene hierarchy path "UI Root 3D/3DText(Clone)/Click Trigger"
Unloading 1 Unused Serialized files (Serialized files now loaded: 20)
Unloading 1059 unused Assets to reduce memory usage. Loaded Objects now: 98951.
Total: 320.748487 ms (FindLiveObjects: 6.668587 ms CreateObjectMapping: 1.961382 ms MarkObjects: 310.513047 ms  DeleteObjects: 1.605207 ms)

Unloading 1 Unused Serialized files (Serialized files now loaded: 20)
Unloading 436 unused Assets to reduce memory usage. Loaded Objects now: 101539.
Total: 330.295250 ms (FindLiveObjects: 8.877271 ms CreateObjectMapping: 2.661922 ms MarkObjects: 318.053078 ms  DeleteObjects: 0.702573 ms)

Unloading 1 Unused Serialized files (Serialized files now loaded: 20)
Unloading 590 unused Assets to reduce memory usage. Loaded Objects now: 102060.
Total: 342.106815 ms (FindLiveObjects: 7.332924 ms CreateObjectMapping: 1.973806 ms MarkObjects: 331.803681 ms  DeleteObjects: 0.996094 ms)

Unloading 1 Unused Serialized files (Serialized files now loaded: 20)
Unloading 598 unused Assets to reduce memory usage. Loaded Objects now: 102877.
Total: 373.984260 ms (FindLiveObjects: 7.694314 ms CreateObjectMapping: 2.020510 ms MarkObjects: 363.335447 ms  DeleteObjects: 0.933614 ms)

Unloading 1 Unused Serialized files (Serialized files now loaded: 20)
Unloading 537 unused Assets to reduce memory usage. Loaded Objects now: 103405.
Total: 413.585384 ms (FindLiveObjects: 7.707279 ms CreateObjectMapping: 1.751830 ms MarkObjects: 403.301091 ms  DeleteObjects: 0.824570 ms)

Unloading 1 Unused Serialized files (Serialized files now loaded: 20)
Unloading 627 unused Assets to reduce memory usage. Loaded Objects now: 103595.
Total: 495.337919 ms (FindLiveObjects: 7.442584 ms CreateObjectMapping: 2.010195 ms MarkObjects: 484.606267 ms  DeleteObjects: 1.278365 ms)

Unloading 1 Unused Serialized files (Serialized files now loaded: 20)
Unloading 656 unused Assets to reduce memory usage. Loaded Objects now: 103849.
Total: 333.202206 ms (FindLiveObjects: 7.623216 ms CreateObjectMapping: 1.841455 ms MarkObjects: 322.693867 ms  DeleteObjects: 1.043241 ms)

Unloading 1 Unused Serialized files (Serialized files now loaded: 20)
Unloading 576 unused Assets to reduce memory usage. Loaded Objects now: 103451.
Total: 419.256795 ms (FindLiveObjects: 6.794670 ms CreateObjectMapping: 1.737106 ms MarkObjects: 409.951882 ms  DeleteObjects: 0.772845 ms)

Unloading 1 Unused Serialized files (Serialized files now loaded: 20)
Unloading 635 unused Assets to reduce memory usage. Loaded Objects now: 103889.
Total: 412.158506 ms (FindLiveObjects: 6.912460 ms CreateObjectMapping: 1.805692 ms MarkObjects: 402.420824 ms  DeleteObjects: 1.019225 ms)

Unloading 1 Unused Serialized files (Serialized files now loaded: 20)
Unloading 633 unused Assets to reduce memory usage. Loaded Objects now: 105104.
Total: 462.668016 ms (FindLiveObjects: 8.167824 ms CreateObjectMapping: 2.090557 ms MarkObjects: 451.402585 ms  DeleteObjects: 1.006714 ms)

Unloading 1 Unused Serialized files (Serialized files now loaded: 20)
Unloading 520 unused Assets to reduce memory usage. Loaded Objects now: 105361.
Total: 426.088633 ms (FindLiveObjects: 7.218141 ms CreateObjectMapping: 1.959525 ms MarkObjects: 416.257144 ms  DeleteObjects: 0.653536 ms)

Unloading 1 Unused Serialized files (Serialized files now loaded: 20)
Unloading 1063 unused Assets to reduce memory usage. Loaded Objects now: 98679.
Total: 368.768512 ms (FindLiveObjects: 8.516361 ms CreateObjectMapping: 2.503153 ms MarkObjects: 355.928211 ms  DeleteObjects: 1.820398 ms)

BoxCollider does not support negative scale or size.
The effective box size has been forced positive and is likely to give unexpected collision geometry.
If you absolutely need to use negative scaling you can use the convex MeshCollider. Scene hierarchy path "UI Root 3D/3DText(Clone)/Click Trigger"
BoxCollider does not support negative scale or size.
The effective box size has been forced positive and is likely to give unexpected collision geometry.
If you absolutely need to use negative scaling you can use the convex MeshCollider. Scene hierarchy path "UI Root 3D/3DText(Clone)/Click Trigger"
BoxCollider does not support negative scale or size.
The effective box size has been forced positive and is likely to give unexpected collision geometry.
If you absolutely need to use negative scaling you can use the convex MeshCollider. Scene hierarchy path "UI Root 3D/3DText(Clone)/Click Trigger"
BoxCollider does not support negative scale or size.
The effective box size has been forced positive and is likely to give unexpected collision geometry.
If you absolutely need to use negative scaling you can use the convex MeshCollider. Scene hierarchy path "UI Root 3D/3DText(Clone)/Click Trigger"
BoxCollider does not support negative scale or size.
The effective box size has been forced positive and is likely to give unexpected collision geometry.
If you absolutely need to use negative scaling you can use the convex MeshCollider. Scene hierarchy path "UI Root 3D/3DText(Clone)/Click Trigger"
BoxCollider does not support negative scale or size.
The effective box size has been forced positive and is likely to give unexpected collision geometry.
If you absolutely need to use negative scaling you can use the convex MeshCollider. Scene hierarchy path "UI Root 3D/3DText(Clone)/Click Trigger"
Unloading 1 Unused Serialized files (Serialized files now loaded: 20)
Unloading 552 unused Assets to reduce memory usage. Loaded Objects now: 100398.
Total: 329.886645 ms (FindLiveObjects: 6.838642 ms CreateObjectMapping: 2.083105 ms MarkObjects: 320.213105 ms  DeleteObjects: 0.751361 ms)

Unloading 1 Unused Serialized files (Serialized files now loaded: 20)
Unloading 405 unused Assets to reduce memory usage. Loaded Objects now: 101903.
Total: 428.575234 ms (FindLiveObjects: 7.842172 ms CreateObjectMapping: 1.933153 ms MarkObjects: 418.195733 ms  DeleteObjects: 0.603895 ms)

Unloading 1 Unused Serialized files (Serialized files now loaded: 20)
Unloading 701 unused Assets to reduce memory usage. Loaded Objects now: 101515.
Total: 333.741885 ms (FindLiveObjects: 6.854021 ms CreateObjectMapping: 1.891599 ms MarkObjects: 323.830967 ms  DeleteObjects: 1.164968 ms)

Unloading 1 Unused Serialized files (Serialized files now loaded: 20)
Unloading 345 unused Assets to reduce memory usage. Loaded Objects now: 102283.
Total: 398.287989 ms (FindLiveObjects: 6.800477 ms CreateObjectMapping: 2.263179 ms MarkObjects: 388.731573 ms  DeleteObjects: 0.492494 ms)

Unloading 1 Unused Serialized files (Serialized files now loaded: 20)
Unloading 487 unused Assets to reduce memory usage. Loaded Objects now: 102365.
Total: 410.659610 ms (FindLiveObjects: 7.819206 ms CreateObjectMapping: 2.149732 ms MarkObjects: 399.757518 ms  DeleteObjects: 0.932814 ms)

Unloading 1 Unused Serialized files (Serialized files now loaded: 20)
Unloading 368 unused Assets to reduce memory usage. Loaded Objects now: 103152.
Total: 401.211365 ms (FindLiveObjects: 8.034218 ms CreateObjectMapping: 2.327584 ms MarkObjects: 390.244892 ms  DeleteObjects: 0.604371 ms)

Unloading 1 Unused Serialized files (Serialized files now loaded: 20)
Unloading 490 unused Assets to reduce memory usage. Loaded Objects now: 104815.
Total: 340.941435 ms (FindLiveObjects: 7.044071 ms CreateObjectMapping: 1.981636 ms MarkObjects: 331.287345 ms  DeleteObjects: 0.627976 ms)

Unloading 1 Unused Serialized files (Serialized files now loaded: 20)
Unloading 497 unused Assets to reduce memory usage. Loaded Objects now: 106360.
Total: 351.260473 ms (FindLiveObjects: 7.030959 ms CreateObjectMapping: 1.872230 ms MarkObjects: 341.700982 ms  DeleteObjects: 0.655951 ms)

Unloading 1 Unused Serialized files (Serialized files now loaded: 20)
Unloading 719 unused Assets to reduce memory usage. Loaded Objects now: 106948.
Total: 342.808863 ms (FindLiveObjects: 9.440854 ms CreateObjectMapping: 2.139978 ms MarkObjects: 330.234919 ms  DeleteObjects: 0.992815 ms)

Unloading 1 Unused Serialized files (Serialized files now loaded: 20)
Unloading 712 unused Assets to reduce memory usage. Loaded Objects now: 101727.
Total: 323.678912 ms (FindLiveObjects: 6.644335 ms CreateObjectMapping: 1.993599 ms MarkObjects: 314.073406 ms  DeleteObjects: 0.967172 ms)

Unloading 1 Unused Serialized files (Serialized files now loaded: 20)
Unloading 119 unused Assets to reduce memory usage. Loaded Objects now: 101286.
Total: 271.471626 ms (FindLiveObjects: 6.573438 ms CreateObjectMapping: 1.860906 ms MarkObjects: 262.693661 ms  DeleteObjects: 0.343274 ms)

Unloading 0 Unused Serialized files (Serialized files now loaded: 20)
Unloading 14 unused Assets to reduce memory usage. Loaded Objects now: 101286.
Total: 381.619197 ms (FindLiveObjects: 6.658623 ms CreateObjectMapping: 1.723572 ms MarkObjects: 373.077675 ms  DeleteObjects: 0.159036 ms)

Unloading 0 Unused Serialized files (Serialized files now loaded: 20)
Unloading 64 unused Assets to reduce memory usage. Loaded Objects now: 101286.
Total: 331.765831 ms (FindLiveObjects: 6.738763 ms CreateObjectMapping: 1.800464 ms MarkObjects: 322.976647 ms  DeleteObjects: 0.249674 ms)

Unloading 1 Unused Serialized files (Serialized files now loaded: 20)
Unloading 323 unused Assets to reduce memory usage. Loaded Objects now: 102101.
Total: 321.522990 ms (FindLiveObjects: 6.986464 ms CreateObjectMapping: 2.052544 ms MarkObjects: 311.998994 ms  DeleteObjects: 0.484579 ms)

Unloading 1 Unused Serialized files (Serialized files now loaded: 20)
Unloading 92 unused Assets to reduce memory usage. Loaded Objects now: 102101.
Total: 323.752461 ms (FindLiveObjects: 6.746823 ms CreateObjectMapping: 1.684272 ms MarkObjects: 315.093247 ms  DeleteObjects: 0.227783 ms)

Unloading 0 Unused Serialized files (Serialized files now loaded: 20)
Unloading 52 unused Assets to reduce memory usage. Loaded Objects now: 102101.
Total: 417.514288 ms (FindLiveObjects: 6.631461 ms CreateObjectMapping: 2.078008 ms MarkObjects: 408.585791 ms  DeleteObjects: 0.218712 ms)

Unloading 1 Unused Serialized files (Serialized files now loaded: 20)
Unloading 98 unused Assets to reduce memory usage. Loaded Objects now: 102270.
Total: 326.546682 ms (FindLiveObjects: 7.057818 ms CreateObjectMapping: 1.786559 ms MarkObjects: 317.455695 ms  DeleteObjects: 0.246332 ms)

Unloading 0 Unused Serialized files (Serialized files now loaded: 20)
Unloading 260 unused Assets to reduce memory usage. Loaded Objects now: 102270.
Total: 331.358682 ms (FindLiveObjects: 8.260329 ms CreateObjectMapping: 2.345623 ms MarkObjects: 320.364026 ms  DeleteObjects: 0.388416 ms)

Unloading 1 Unused Serialized files (Serialized files now loaded: 20)
Unloading 166 unused Assets to reduce memory usage. Loaded Objects now: 98483.
Total: 315.551779 ms (FindLiveObjects: 6.779947 ms CreateObjectMapping: 1.714963 ms MarkObjects: 306.610777 ms  DeleteObjects: 0.445684 ms)

Unloading 1 Unused Serialized files (Serialized files now loaded: 20)
Unloading 354 unused Assets to reduce memory usage. Loaded Objects now: 99690.
Total: 313.659063 ms (FindLiveObjects: 7.610272 ms CreateObjectMapping: 2.289311 ms MarkObjects: 303.301622 ms  DeleteObjects: 0.457536 ms)

Unloading 0 Unused Serialized files (Serialized files now loaded: 20)
Unloading 4 unused Assets to reduce memory usage. Loaded Objects now: 99690.
Total: 315.563026 ms (FindLiveObjects: 6.482109 ms CreateObjectMapping: 1.699328 ms MarkObjects: 307.215887 ms  DeleteObjects: 0.165435 ms)

Unloading 0 Unused Serialized files (Serialized files now loaded: 20)
Unloading 15 unused Assets to reduce memory usage. Loaded Objects now: 99690.
Total: 303.775424 ms (FindLiveObjects: 6.538194 ms CreateObjectMapping: 1.704023 ms MarkObjects: 295.378254 ms  DeleteObjects: 0.154638 ms)

BoxCollider does not support negative scale or size.
The effective box size has been forced positive and is likely to give unexpected collision geometry.
If you absolutely need to use negative scaling you can use the convex MeshCollider. Scene hierarchy path "UI Root 3D/3DText(Clone)/Click Trigger"
BoxCollider does not support negative scale or size.
The effective box size has been forced positive and is likely to give unexpected collision geometry.
If you absolutely need to use negative scaling you can use the convex MeshCollider. Scene hierarchy path "UI Root 3D/3DText(Clone)/Click Trigger"
BoxCollider does not support negative scale or size.
The effective box size has been forced positive and is likely to give unexpected collision geometry.
If you absolutely need to use negative scaling you can use the convex MeshCollider. Scene hierarchy path "UI Root 3D/3DText(Clone)/Click Trigger"
BoxCollider does not support negative scale or size.
The effective box size has been forced positive and is likely to give unexpected collision geometry.
If you absolutely need to use negative scaling you can use the convex MeshCollider. Scene hierarchy path "UI Root 3D/3DText(Clone)/Click Trigger"
BoxCollider does not support negative scale or size.
The effective box size has been forced positive and is likely to give unexpected collision geometry.
If you absolutely need to use negative scaling you can use the convex MeshCollider. Scene hierarchy path "UI Root 3D/3DText(Clone)/Click Trigger"
BoxCollider does not support negative scale or size.
The effective box size has been forced positive and is likely to give unexpected collision geometry.
If you absolutely need to use negative scaling you can use the convex MeshCollider. Scene hierarchy path "UI Root 3D/3DText(Clone)/Click Trigger"
BoxCollider does not support negative scale or size.
The effective box size has been forced positive and is likely to give unexpected collision geometry.
If you absolutely need to use negative scaling you can use the convex MeshCollider. Scene hierarchy path "UI Root 3D/3DText(Clone)/Click Trigger"
Unloading 1 Unused Serialized files (Serialized files now loaded: 20)
Unloading 1010 unused Assets to reduce memory usage. Loaded Objects now: 101150.
Total: 399.641615 ms (FindLiveObjects: 7.418956 ms CreateObjectMapping: 2.119185 ms MarkObjects: 388.791526 ms  DeleteObjects: 1.311647 ms)

BoxCollider does not support negative scale or size.
The effective box size has been forced positive and is likely to give unexpected collision geometry.
If you absolutely need to use negative scaling you can use the convex MeshCollider. Scene hierarchy path "UI Root 3D/3DText(Clone)/Click Trigger"
BoxCollider does not support negative scale or size.
The effective box size has been forced positive and is likely to give unexpected collision geometry.
If you absolutely need to use negative scaling you can use the convex MeshCollider. Scene hierarchy path "UI Root 3D/3DText(Clone)/Click Trigger"
Unloading 1 Unused Serialized files (Serialized files now loaded: 20)
Unloading 454 unused Assets to reduce memory usage. Loaded Objects now: 102651.
Total: 340.021346 ms (FindLiveObjects: 6.945001 ms CreateObjectMapping: 1.774646 ms MarkObjects: 330.679837 ms  DeleteObjects: 0.621578 ms)

Unloading 1 Unused Serialized files (Serialized files now loaded: 20)
Unloading 501 unused Assets to reduce memory usage. Loaded Objects now: 103625.
Total: 404.310450 ms (FindLiveObjects: 7.629473 ms CreateObjectMapping: 2.136119 ms MarkObjects: 393.866134 ms  DeleteObjects: 0.678463 ms)

Unloading 1 Unused Serialized files (Serialized files now loaded: 20)
Unloading 587 unused Assets to reduce memory usage. Loaded Objects now: 104691.
Total: 433.616053 ms (FindLiveObjects: 7.078695 ms CreateObjectMapping: 2.007988 ms MarkObjects: 423.615286 ms  DeleteObjects: 0.913565 ms)

Unloading 1 Unused Serialized files (Serialized files now loaded: 20)
Unloading 663 unused Assets to reduce memory usage. Loaded Objects now: 105240.
Total: 340.867302 ms (FindLiveObjects: 7.843074 ms CreateObjectMapping: 2.224131 ms MarkObjects: 329.751842 ms  DeleteObjects: 1.047859 ms)

Unloading 1 Unused Serialized files (Serialized files now loaded: 20)
Unloading 367 unused Assets to reduce memory usage. Loaded Objects now: 105832.
Total: 348.076944 ms (FindLiveObjects: 7.061448 ms CreateObjectMapping: 1.818213 ms MarkObjects: 338.661318 ms  DeleteObjects: 0.535540 ms)

Unloading 1 Unused Serialized files (Serialized files now loaded: 20)
Unloading 585 unused Assets to reduce memory usage. Loaded Objects now: 106848.
Total: 430.364658 ms (FindLiveObjects: 7.097303 ms CreateObjectMapping: 1.791423 ms MarkObjects: 420.606412 ms  DeleteObjects: 0.869226 ms)

Unloading 1 Unused Serialized files (Serialized files now loaded: 20)
Unloading 607 unused Assets to reduce memory usage. Loaded Objects now: 105994.
Total: 344.992436 ms (FindLiveObjects: 6.954906 ms CreateObjectMapping: 1.746668 ms MarkObjects: 335.403179 ms  DeleteObjects: 0.887343 ms)

Unloading 1 Unused Serialized files (Serialized files now loaded: 20)
Unloading 407 unused Assets to reduce memory usage. Loaded Objects now: 106147.
Total: 313.571511 ms (FindLiveObjects: 7.776038 ms CreateObjectMapping: 1.889003 ms MarkObjects: 303.043716 ms  DeleteObjects: 0.862338 ms)

Unloading 1 Unused Serialized files (Serialized files now loaded: 20)
Unloading 569 unused Assets to reduce memory usage. Loaded Objects now: 106981.
Total: 347.405089 ms (FindLiveObjects: 8.283435 ms CreateObjectMapping: 1.832282 ms MarkObjects: 336.420462 ms  DeleteObjects: 0.868491 ms)

Unloading 1 Unused Serialized files (Serialized files now loaded: 20)
Unloading 460 unused Assets to reduce memory usage. Loaded Objects now: 107205.
Total: 467.774047 ms (FindLiveObjects: 10.936645 ms CreateObjectMapping: 2.706540 ms MarkObjects: 453.346815 ms  DeleteObjects: 0.783602 ms)

Unloading 1 Unused Serialized files (Serialized files now loaded: 20)
Unloading 519 unused Assets to reduce memory usage. Loaded Objects now: 107750.
Total: 394.878096 ms (FindLiveObjects: 9.236010 ms CreateObjectMapping: 2.097223 ms MarkObjects: 382.802777 ms  DeleteObjects: 0.741748 ms)

Unloading 1 Unused Serialized files (Serialized files now loaded: 20)
Unloading 494 unused Assets to reduce memory usage. Loaded Objects now: 108341.
Total: 479.093549 ms (FindLiveObjects: 7.958320 ms CreateObjectMapping: 1.888760 ms MarkObjects: 468.483060 ms  DeleteObjects: 0.763096 ms)

Unloading 1 Unused Serialized files (Serialized files now loaded: 20)
Unloading 451 unused Assets to reduce memory usage. Loaded Objects now: 108751.
Total: 511.436661 ms (FindLiveObjects: 7.734940 ms CreateObjectMapping: 2.210949 ms MarkObjects: 500.867440 ms  DeleteObjects: 0.623053 ms)

Unloading 1 Unused Serialized files (Serialized files now loaded: 20)
Unloading 1528 unused Assets to reduce memory usage. Loaded Objects now: 101185.
Total: 354.969296 ms (FindLiveObjects: 6.890556 ms CreateObjectMapping: 1.875636 ms MarkObjects: 343.399309 ms  DeleteObjects: 2.803404 ms)

BoxCollider does not support negative scale or size.
The effective box size has been forced positive and is likely to give unexpected collision geometry.
If you absolutely need to use negative scaling you can use the convex MeshCollider. Scene hierarchy path "UI Root 3D/3DText(Clone)/Click Trigger"
BoxCollider does not support negative scale or size.
The effective box size has been forced positive and is likely to give unexpected collision geometry.
If you absolutely need to use negative scaling you can use the convex MeshCollider. Scene hierarchy path "UI Root 3D/3DText(Clone)/Click Trigger"
BoxCollider does not support negative scale or size.
The effective box size has been forced positive and is likely to give unexpected collision geometry.
If you absolutely need to use negative scaling you can use the convex MeshCollider. Scene hierarchy path "UI Root 3D/3DText(Clone)/Click Trigger"
BoxCollider does not support negative scale or size.
The effective box size has been forced positive and is likely to give unexpected collision geometry.
If you absolutely need to use negative scaling you can use the convex MeshCollider. Scene hierarchy path "UI Root 3D/3DText(Clone)/Click Trigger"
BoxCollider does not support negative scale or size.
The effective box size has been forced positive and is likely to give unexpected collision geometry.
If you absolutely need to use negative scaling you can use the convex MeshCollider. Scene hierarchy path "UI Root 3D/3DText(Clone)/Click Trigger"
BoxCollider does not support negative scale or size.
The effective box size has been forced positive and is likely to give unexpected collision geometry.
If you absolutely need to use negative scaling you can use the convex MeshCollider. Scene hierarchy path "UI Root 3D/3DText(Clone)/Click Trigger"
Unloading 1 Unused Serialized files (Serialized files now loaded: 20)
Unloading 421 unused Assets to reduce memory usage. Loaded Objects now: 103246.
Total: 372.018877 ms (FindLiveObjects: 8.814224 ms CreateObjectMapping: 2.186935 ms MarkObjects: 359.684770 ms  DeleteObjects: 1.332264 ms)

Unloading 1 Unused Serialized files (Serialized files now loaded: 20)
Unloading 417 unused Assets to reduce memory usage. Loaded Objects now: 104826.
Total: 442.073587 ms (FindLiveObjects: 7.236921 ms CreateObjectMapping: 2.034140 ms MarkObjects: 432.190045 ms  DeleteObjects: 0.612185 ms)

Unloading 1 Unused Serialized files (Serialized files now loaded: 20)
Unloading 538 unused Assets to reduce memory usage. Loaded Objects now: 105918.
Total: 355.827426 ms (FindLiveObjects: 15.118011 ms CreateObjectMapping: 5.563208 ms MarkObjects: 334.411803 ms  DeleteObjects: 0.733938 ms)

Unloading 1 Unused Serialized files (Serialized files now loaded: 20)
Unloading 729 unused Assets to reduce memory usage. Loaded Objects now: 106054.
Total: 359.509052 ms (FindLiveObjects: 8.364626 ms CreateObjectMapping: 2.220403 ms MarkObjects: 347.815680 ms  DeleteObjects: 1.108054 ms)

Unloading 1 Unused Serialized files (Serialized files now loaded: 20)
Unloading 598 unused Assets to reduce memory usage. Loaded Objects now: 106345.
Total: 326.109012 ms (FindLiveObjects: 7.820864 ms CreateObjectMapping: 1.922690 ms MarkObjects: 315.441618 ms  DeleteObjects: 0.923426 ms)

Unloading 1 Unused Serialized files (Serialized files now loaded: 20)
Unloading 830 unused Assets to reduce memory usage. Loaded Objects now: 106466.
Total: 363.011323 ms (FindLiveObjects: 8.925173 ms CreateObjectMapping: 2.218839 ms MarkObjects: 350.449750 ms  DeleteObjects: 1.416845 ms)

Unloading 1 Unused Serialized files (Serialized files now loaded: 20)
Unloading 506 unused Assets to reduce memory usage. Loaded Objects now: 107202.
Total: 484.165896 ms (FindLiveObjects: 9.452482 ms CreateObjectMapping: 2.506575 ms MarkObjects: 471.450697 ms  DeleteObjects: 0.755811 ms)

Unloading 1 Unused Serialized files (Serialized files now loaded: 20)
Unloading 939 unused Assets to reduce memory usage. Loaded Objects now: 106829.
Total: 388.968225 ms (FindLiveObjects: 7.974725 ms CreateObjectMapping: 2.075481 ms MarkObjects: 377.495439 ms  DeleteObjects: 1.422293 ms)

Unloading 1 Unused Serialized files (Serialized files now loaded: 20)
Unloading 895 unused Assets to reduce memory usage. Loaded Objects now: 107456.
Total: 331.517228 ms (FindLiveObjects: 7.150036 ms CreateObjectMapping: 2.561220 ms MarkObjects: 320.179402 ms  DeleteObjects: 1.626192 ms)

Unloading 1 Unused Serialized files (Serialized files now loaded: 20)
Unloading 609 unused Assets to reduce memory usage. Loaded Objects now: 107271.
Total: 458.713999 ms (FindLiveObjects: 7.345911 ms CreateObjectMapping: 1.868367 ms MarkObjects: 448.553672 ms  DeleteObjects: 0.945780 ms)

Unloading 1 Unused Serialized files (Serialized files now loaded: 20)
Unloading 576 unused Assets to reduce memory usage. Loaded Objects now: 107373.
Total: 342.977736 ms (FindLiveObjects: 8.889151 ms CreateObjectMapping: 2.002319 ms MarkObjects: 330.849838 ms  DeleteObjects: 1.235870 ms)

Unloading 1 Unused Serialized files (Serialized files now loaded: 20)
Unloading 838 unused Assets to reduce memory usage. Loaded Objects now: 108006.
Total: 325.702006 ms (FindLiveObjects: 7.272807 ms CreateObjectMapping: 1.898788 ms MarkObjects: 315.122107 ms  DeleteObjects: 1.408035 ms)

Unloading 1 Unused Serialized files (Serialized files now loaded: 20)
Unloading 925 unused Assets to reduce memory usage. Loaded Objects now: 108475.
Total: 457.179033 ms (FindLiveObjects: 7.231185 ms CreateObjectMapping: 1.865174 ms MarkObjects: 446.643045 ms  DeleteObjects: 1.439370 ms)

Unloading 1 Unused Serialized files (Serialized files now loaded: 20)
Unloading 911 unused Assets to reduce memory usage. Loaded Objects now: 108267.
Total: 360.427936 ms (FindLiveObjects: 7.122414 ms CreateObjectMapping: 1.948845 ms MarkObjects: 349.739833 ms  DeleteObjects: 1.616410 ms)

Unloading 1 Unused Serialized files (Serialized files now loaded: 20)
Unloading 582 unused Assets to reduce memory usage. Loaded Objects now: 108636.
Total: 316.735767 ms (FindLiveObjects: 7.109715 ms CreateObjectMapping: 1.851222 ms MarkObjects: 306.833387 ms  DeleteObjects: 0.941178 ms)

Unloading 1 Unused Serialized files (Serialized files now loaded: 20)
Unloading 1213 unused Assets to reduce memory usage. Loaded Objects now: 109030.
Total: 328.522967 ms (FindLiveObjects: 7.704939 ms CreateObjectMapping: 2.004968 ms MarkObjects: 316.787948 ms  DeleteObjects: 2.024606 ms)

Unloading 1 Unused Serialized files (Serialized files now loaded: 20)
Unloading 769 unused Assets to reduce memory usage. Loaded Objects now: 109040.
Total: 327.833048 ms (FindLiveObjects: 7.668049 ms CreateObjectMapping: 1.968344 ms MarkObjects: 316.955581 ms  DeleteObjects: 1.240718 ms)

Unloading 1 Unused Serialized files (Serialized files now loaded: 20)
Unloading 811 unused Assets to reduce memory usage. Loaded Objects now: 109508.
Total: 470.694775 ms (FindLiveObjects: 7.652244 ms CreateObjectMapping: 2.425178 ms MarkObjects: 459.161020 ms  DeleteObjects: 1.455813 ms)

Unloading 1 Unused Serialized files (Serialized files now loaded: 20)
Unloading 766 unused Assets to reduce memory usage. Loaded Objects now: 109915.
Total: 379.087251 ms (FindLiveObjects: 7.327272 ms CreateObjectMapping: 1.904778 ms MarkObjects: 368.772592 ms  DeleteObjects: 1.082341 ms)

Unloading 1 Unused Serialized files (Serialized files now loaded: 20)
Unloading 636 unused Assets to reduce memory usage. Loaded Objects now: 109306.
Total: 356.924747 ms (FindLiveObjects: 8.902588 ms CreateObjectMapping: 2.442127 ms MarkObjects: 344.070302 ms  DeleteObjects: 1.509157 ms)

Unloading 1 Unused Serialized files (Serialized files now loaded: 20)
Unloading 696 unused Assets to reduce memory usage. Loaded Objects now: 110176.
Total: 514.782286 ms (FindLiveObjects: 7.609308 ms CreateObjectMapping: 2.452827 ms MarkObjects: 503.665434 ms  DeleteObjects: 1.054450 ms)

Unloading 1 Unused Serialized files (Serialized files now loaded: 20)
Unloading 967 unused Assets to reduce memory usage. Loaded Objects now: 109812.
Total: 522.853760 ms (FindLiveObjects: 11.026391 ms CreateObjectMapping: 2.453099 ms MarkObjects: 507.581142 ms  DeleteObjects: 1.792692 ms)

Unloading 1 Unused Serialized files (Serialized files now loaded: 20)
Unloading 877 unused Assets to reduce memory usage. Loaded Objects now: 107992.
Total: 436.696170 ms (FindLiveObjects: 7.192464 ms CreateObjectMapping: 2.187734 ms MarkObjects: 425.916743 ms  DeleteObjects: 1.398877 ms)

Unloading 1 Unused Serialized files (Serialized files now loaded: 20)
Unloading 806 unused Assets to reduce memory usage. Loaded Objects now: 108673.
Total: 487.659212 ms (FindLiveObjects: 7.613518 ms CreateObjectMapping: 2.132711 ms MarkObjects: 476.619503 ms  DeleteObjects: 1.293117 ms)

Unloading 1 Unused Serialized files (Serialized files now loaded: 20)
Unloading 1048 unused Assets to reduce memory usage. Loaded Objects now: 108105.
Total: 497.110818 ms (FindLiveObjects: 8.715358 ms CreateObjectMapping: 1.908967 ms MarkObjects: 484.833744 ms  DeleteObjects: 1.652302 ms)

Unloading 1 Unused Serialized files (Serialized files now loaded: 20)
Unloading 1319 unused Assets to reduce memory usage. Loaded Objects now: 108427.
Total: 473.531856 ms (FindLiveObjects: 9.128095 ms CreateObjectMapping: 1.987463 ms MarkObjects: 460.486176 ms  DeleteObjects: 1.929848 ms)

Unloading 1 Unused Serialized files (Serialized files now loaded: 20)
Unloading 1343 unused Assets to reduce memory usage. Loaded Objects now: 101384.
Total: 361.160154 ms (FindLiveObjects: 6.820530 ms CreateObjectMapping: 2.014120 ms MarkObjects: 350.136870 ms  DeleteObjects: 2.188278 ms)

Unloading 0 Unused Serialized files (Serialized files now loaded: 20)
Unloading 71 unused Assets to reduce memory usage. Loaded Objects now: 101384.
Total: 371.615882 ms (FindLiveObjects: 6.914820 ms CreateObjectMapping: 1.944790 ms MarkObjects: 362.519470 ms  DeleteObjects: 0.236520 ms)

Unloading 1 Unused Serialized files (Serialized files now loaded: 20)
Unloading 301 unused Assets to reduce memory usage. Loaded Objects now: 101761.
Total: 376.486678 ms (FindLiveObjects: 6.846617 ms CreateObjectMapping: 1.945901 ms MarkObjects: 367.238445 ms  DeleteObjects: 0.455403 ms)

BoxCollider does not support negative scale or size.
The effective box size has been forced positive and is likely to give unexpected collision geometry.
If you absolutely need to use negative scaling you can use the convex MeshCollider. Scene hierarchy path "UI Root 3D/3DText(Clone)/Click Trigger"
BoxCollider does not support negative scale or size.
The effective box size has been forced positive and is likely to give unexpected collision geometry.
If you absolutely need to use negative scaling you can use the convex MeshCollider. Scene hierarchy path "UI Root 3D/3DText(Clone)/Click Trigger"
BoxCollider does not support negative scale or size.
The effective box size has been forced positive and is likely to give unexpected collision geometry.
If you absolutely need to use negative scaling you can use the convex MeshCollider. Scene hierarchy path "UI Root 3D/3DText(Clone)/Click Trigger"
BoxCollider does not support negative scale or size.
The effective box size has been forced positive and is likely to give unexpected collision geometry.
If you absolutely need to use negative scaling you can use the convex MeshCollider. Scene hierarchy path "UI Root 3D/3DText(Clone)/Click Trigger"
BoxCollider does not support negative scale or size.
The effective box size has been forced positive and is likely to give unexpected collision geometry.
If you absolutely need to use negative scaling you can use the convex MeshCollider. Scene hierarchy path "UI Root 3D/3DText(Clone)/Click Trigger"
BoxCollider does not support negative scale or size.
The effective box size has been forced positive and is likely to give unexpected collision geometry.
If you absolutely need to use negative scaling you can use the convex MeshCollider. Scene hierarchy path "UI Root 3D/3DText(Clone)/Click Trigger"
Unloading 1 Unused Serialized files (Serialized files now loaded: 20)
Unloading 447 unused Assets to reduce memory usage. Loaded Objects now: 101810.
Total: 479.270377 ms (FindLiveObjects: 21.040632 ms CreateObjectMapping: 3.270721 ms MarkObjects: 454.259927 ms  DeleteObjects: 0.698444 ms)

BoxCollider does not support negative scale or size.
The effective box size has been forced positive and is likely to give unexpected collision geometry.
If you absolutely need to use negative scaling you can use the convex MeshCollider. Scene hierarchy path "UI Root 3D/3DText(Clone)/Click Trigger"
BoxCollider does not support negative scale or size.
The effective box size has been forced positive and is likely to give unexpected collision geometry.
If you absolutely need to use negative scaling you can use the convex MeshCollider. Scene hierarchy path "UI Root 3D/3DText(Clone)/Click Trigger"
BoxCollider does not support negative scale or size.
The effective box size has been forced positive and is likely to give unexpected collision geometry.
If you absolutely need to use negative scaling you can use the convex MeshCollider. Scene hierarchy path "UI Root 3D/3DText(Clone)/Click Trigger"
BoxCollider does not support negative scale or size.
The effective box size has been forced positive and is likely to give unexpected collision geometry.
If you absolutely need to use negative scaling you can use the convex MeshCollider. Scene hierarchy path "UI Root 3D/3DText(Clone)/Click Trigger"
Unloading 1 Unused Serialized files (Serialized files now loaded: 20)
Unloading 699 unused Assets to reduce memory usage. Loaded Objects now: 102488.
Total: 329.371739 ms (FindLiveObjects: 7.203001 ms CreateObjectMapping: 1.998078 ms MarkObjects: 319.152841 ms  DeleteObjects: 1.017535 ms)

Unloading 1 Unused Serialized files (Serialized files now loaded: 20)
Unloading 504 unused Assets to reduce memory usage. Loaded Objects now: 102848.
Total: 406.884618 ms (FindLiveObjects: 7.075820 ms CreateObjectMapping: 1.927391 ms MarkObjects: 397.112338 ms  DeleteObjects: 0.768675 ms)

Unloading 1 Unused Serialized files (Serialized files now loaded: 20)
Unloading 557 unused Assets to reduce memory usage. Loaded Objects now: 103810.
Total: 361.825250 ms (FindLiveObjects: 7.406369 ms CreateObjectMapping: 2.247243 ms MarkObjects: 351.336137 ms  DeleteObjects: 0.835013 ms)

Unloading 1 Unused Serialized files (Serialized files now loaded: 20)
Unloading 521 unused Assets to reduce memory usage. Loaded Objects now: 103936.
Total: 358.248776 ms (FindLiveObjects: 6.894573 ms CreateObjectMapping: 1.829622 ms MarkObjects: 348.791233 ms  DeleteObjects: 0.732856 ms)

Unloading 1 Unused Serialized files (Serialized files now loaded: 20)
Unloading 638 unused Assets to reduce memory usage. Loaded Objects now: 104147.
Total: 430.656233 ms (FindLiveObjects: 7.053192 ms CreateObjectMapping: 1.877816 ms MarkObjects: 420.717795 ms  DeleteObjects: 1.007149 ms)

Unloading 1 Unused Serialized files (Serialized files now loaded: 20)
Unloading 431 unused Assets to reduce memory usage. Loaded Objects now: 104340.
Total: 411.710344 ms (FindLiveObjects: 7.316640 ms CreateObjectMapping: 2.050591 ms MarkObjects: 401.366898 ms  DeleteObjects: 0.975721 ms)

Unloading 1 Unused Serialized files (Serialized files now loaded: 20)
Unloading 404 unused Assets to reduce memory usage. Loaded Objects now: 105320.
Total: 393.342386 ms (FindLiveObjects: 8.513195 ms CreateObjectMapping: 2.023766 ms MarkObjects: 382.219970 ms  DeleteObjects: 0.585106 ms)

Unloading 1 Unused Serialized files (Serialized files now loaded: 20)
Unloading 595 unused Assets to reduce memory usage. Loaded Objects now: 106344.
Total: 424.858351 ms (FindLiveObjects: 7.068121 ms CreateObjectMapping: 1.856410 ms MarkObjects: 415.010758 ms  DeleteObjects: 0.922801 ms)

Setting linear velocity of a kinematic body is not supported.
Setting linear velocity of a kinematic body is not supported.
Unloading 1 Unused Serialized files (Serialized files now loaded: 20)
Unloading 879 unused Assets to reduce memory usage. Loaded Objects now: 105479.
Total: 432.623009 ms (FindLiveObjects: 6.818940 ms CreateObjectMapping: 1.848821 ms MarkObjects: 422.384814 ms  DeleteObjects: 1.569975 ms)

BoxCollider does not support negative scale or size.
The effective box size has been forced positive and is likely to give unexpected collision geometry.
If you absolutely need to use negative scaling you can use the convex MeshCollider. Scene hierarchy path "UI Root 3D/3DText(Clone)/Click Trigger"
BoxCollider does not support negative scale or size.
The effective box size has been forced positive and is likely to give unexpected collision geometry.
If you absolutely need to use negative scaling you can use the convex MeshCollider. Scene hierarchy path "UI Root 3D/3DText(Clone)/Click Trigger"
BoxCollider does not support negative scale or size.
The effective box size has been forced positive and is likely to give unexpected collision geometry.
If you absolutely need to use negative scaling you can use the convex MeshCollider. Scene hierarchy path "UI Root 3D/3DText(Clone)/Click Trigger"
BoxCollider does not support negative scale or size.
The effective box size has been forced positive and is likely to give unexpected collision geometry.
If you absolutely need to use negative scaling you can use the convex MeshCollider. Scene hierarchy path "UI Root 3D/3DText(Clone)/Click Trigger"
BoxCollider does not support negative scale or size.
The effective box size has been forced positive and is likely to give unexpected collision geometry.
If you absolutely need to use negative scaling you can use the convex MeshCollider. Scene hierarchy path "UI Root 3D/3DText(Clone)/Click Trigger"
BoxCollider does not support negative scale or size.
The effective box size has been forced positive and is likely to give unexpected collision geometry.
If you absolutely need to use negative scaling you can use the convex MeshCollider. Scene hierarchy path "UI Root 3D/3DText(Clone)/Click Trigger"
BoxCollider does not support negative scale or size.
The effective box size has been forced positive and is likely to give unexpected collision geometry.
If you absolutely need to use negative scaling you can use the convex MeshCollider. Scene hierarchy path "UI Root 3D/3DText(Clone)/Click Trigger"
BoxCollider does not support negative scale or size.
The effective box size has been forced positive and is likely to give unexpected collision geometry.
If you absolutely need to use negative scaling you can use the convex MeshCollider. Scene hierarchy path "UI Root 3D/3DText(Clone)/Click Trigger"
Unloading 1 Unused Serialized files (Serialized files now loaded: 20)
Unloading 1044 unused Assets to reduce memory usage. Loaded Objects now: 101717.
Total: 356.984298 ms (FindLiveObjects: 13.564716 ms CreateObjectMapping: 3.530610 ms MarkObjects: 338.189452 ms  DeleteObjects: 1.699055 ms)

BoxCollider does not support negative scale or size.
The effective box size has been forced positive and is likely to give unexpected collision geometry.
If you absolutely need to use negative scaling you can use the convex MeshCollider. Scene hierarchy path "UI Root 3D/3DText(Clone)/Click Trigger"
BoxCollider does not support negative scale or size.
The effective box size has been forced positive and is likely to give unexpected collision geometry.
If you absolutely need to use negative scaling you can use the convex MeshCollider. Scene hierarchy path "UI Root 3D/3DText(Clone)/Click Trigger"
BoxCollider does not support negative scale or size.
The effective box size has been forced positive and is likely to give unexpected collision geometry.
If you absolutely need to use negative scaling you can use the convex MeshCollider. Scene hierarchy path "UI Root 3D/3DText(Clone)/Click Trigger"
BoxCollider does not support negative scale or size.
The effective box size has been forced positive and is likely to give unexpected collision geometry.
If you absolutely need to use negative scaling you can use the convex MeshCollider. Scene hierarchy path "UI Root 3D/3DText(Clone)/Click Trigger"
Unloading 1 Unused Serialized files (Serialized files now loaded: 20)
Unloading 519 unused Assets to reduce memory usage. Loaded Objects now: 102544.
Total: 415.243470 ms (FindLiveObjects: 7.665572 ms CreateObjectMapping: 1.974113 ms MarkObjects: 404.972363 ms  DeleteObjects: 0.631116 ms)

Unloading 1 Unused Serialized files (Serialized files now loaded: 20)
Unloading 610 unused Assets to reduce memory usage. Loaded Objects now: 104302.
Total: 444.080672 ms (FindLiveObjects: 6.807919 ms CreateObjectMapping: 2.507873 ms MarkObjects: 433.868942 ms  DeleteObjects: 0.895562 ms)

Unloading 1 Unused Serialized files (Serialized files now loaded: 20)
Unloading 661 unused Assets to reduce memory usage. Loaded Objects now: 105098.
Total: 454.059891 ms (FindLiveObjects: 7.473477 ms CreateObjectMapping: 2.235776 ms MarkObjects: 443.138255 ms  DeleteObjects: 1.212042 ms)

[Physics.PhysX] computeMassAndInertia: Dynamic actor with illegal collision shapes
[Physics.PhysX] PxRigidBodyExt::setMassAndUpdateInertia: Mass and inertia computation failed, setting mass to 1 and inertia to (1,1,1)
CollisionMeshData couldn't be created because the mesh has been marked as non-accessible. Mesh name "Button"
Concave Mesh Colliders are not supported when used with dynamic Rigidbody GameObjects.
Either make the Mesh Collider convex, or make the Rigidbody kinematic. Scene hierarchy path "Custom_Assetbundle(Clone)/buttonV4(Clone)/Button", Mesh name "Button"
Unloading 1 Unused Serialized files (Serialized files now loaded: 20)
Unloading 1909 unused Assets to reduce memory usage. Loaded Objects now: 88143.
Total: 564.707961 ms (FindLiveObjects: 6.265135 ms CreateObjectMapping: 1.965114 ms MarkObjects: 554.249785 ms  DeleteObjects: 2.227597 ms)

Unloading 1 Unused Serialized files (Serialized files now loaded: 20)
Unloading 918 unused Assets to reduce memory usage. Loaded Objects now: 99961.
Total: 443.689613 ms (FindLiveObjects: 9.479545 ms CreateObjectMapping: 2.641687 ms MarkObjects: 430.494292 ms  DeleteObjects: 1.073681 ms)

BoxCollider does not support negative scale or size.
The effective box size has been forced positive and is likely to give unexpected collision geometry.
If you absolutely need to use negative scaling you can use the convex MeshCollider. Scene hierarchy path "UI Root 3D/3DText(Clone)/Click Trigger"
BoxCollider does not support negative scale or size.
The effective box size has been forced positive and is likely to give unexpected collision geometry.
If you absolutely need to use negative scaling you can use the convex MeshCollider. Scene hierarchy path "UI Root 3D/3DText(Clone)/Click Trigger"
BoxCollider does not support negative scale or size.
The effective box size has been forced positive and is likely to give unexpected collision geometry.
If you absolutely need to use negative scaling you can use the convex MeshCollider. Scene hierarchy path "UI Root 3D/3DText(Clone)/Click Trigger"
BoxCollider does not support negative scale or size.
The effective box size has been forced positive and is likely to give unexpected collision geometry.
If you absolutely need to use negative scaling you can use the convex MeshCollider. Scene hierarchy path "UI Root 3D/3DText(Clone)/Click Trigger"
BoxCollider does not support negative scale or size.
The effective box size has been forced positive and is likely to give unexpected collision geometry.
If you absolutely need to use negative scaling you can use the convex MeshCollider. Scene hierarchy path "UI Root 3D/3DText(Clone)/Click Trigger"
BoxCollider does not support negative scale or size.
The effective box size has been forced positive and is likely to give unexpected collision geometry.
If you absolutely need to use negative scaling you can use the convex MeshCollider. Scene hierarchy path "UI Root 3D/3DText(Clone)/Click Trigger"
BoxCollider does not support negative scale or size.
The effective box size has been forced positive and is likely to give unexpected collision geometry.
If you absolutely need to use negative scaling you can use the convex MeshCollider. Scene hierarchy path "UI Root 3D/3DText(Clone)/Click Trigger"
BoxCollider does not support negative scale or size.
The effective box size has been forced positive and is likely to give unexpected collision geometry.
If you absolutely need to use negative scaling you can use the convex MeshCollider. Scene hierarchy path "UI Root 3D/3DText(Clone)/Click Trigger"
BoxCollider does not support negative scale or size.
The effective box size has been forced positive and is likely to give unexpected collision geometry.
If you absolutely need to use negative scaling you can use the convex MeshCollider. Scene hierarchy path "UI Root 3D/3DText(Clone)/Click Trigger"
BoxCollider does not support negative scale or size.
The effective box size has been forced positive and is likely to give unexpected collision geometry.
If you absolutely need to use negative scaling you can use the convex MeshCollider. Scene hierarchy path "UI Root 3D/3DText(Clone)/Click Trigger"
BoxCollider does not support negative scale or size.
The effective box size has been forced positive and is likely to give unexpected collision geometry.
If you absolutely need to use negative scaling you can use the convex MeshCollider. Scene hierarchy path "UI Root 3D/3DText(Clone)/Click Trigger"
Unloading 1 Unused Serialized files (Serialized files now loaded: 20)
Unloading 429 unused Assets to reduce memory usage. Loaded Objects now: 100948.
Total: 413.775933 ms (FindLiveObjects: 7.195907 ms CreateObjectMapping: 1.853736 ms MarkObjects: 404.133719 ms  DeleteObjects: 0.592224 ms)

Unloading 1 Unused Serialized files (Serialized files now loaded: 20)
Unloading 396 unused Assets to reduce memory usage. Loaded Objects now: 101667.
Total: 431.041088 ms (FindLiveObjects: 7.071474 ms CreateObjectMapping: 2.102023 ms MarkObjects: 421.019095 ms  DeleteObjects: 0.848063 ms)

Unloading 1 Unused Serialized files (Serialized files now loaded: 20)
Unloading 541 unused Assets to reduce memory usage. Loaded Objects now: 103227.
Total: 342.242719 ms (FindLiveObjects: 7.743978 ms CreateObjectMapping: 1.965594 ms MarkObjects: 331.696551 ms  DeleteObjects: 0.836143 ms)

Unloading 1 Unused Serialized files (Serialized files now loaded: 20)
Unloading 1876 unused Assets to reduce memory usage. Loaded Objects now: 87987.
Total: 268.515423 ms (FindLiveObjects: 6.374040 ms CreateObjectMapping: 2.272534 ms MarkObjects: 257.503782 ms  DeleteObjects: 2.364334 ms)

Unloading 1 Unused Serialized files (Serialized files now loaded: 20)
Unloading 424 unused Assets to reduce memory usage. Loaded Objects now: 101995.
Total: 629.650686 ms (FindLiveObjects: 7.418146 ms CreateObjectMapping: 3.981326 ms MarkObjects: 617.646448 ms  DeleteObjects: 0.604318 ms)

Unloading 1 Unused Serialized files (Serialized files now loaded: 20)
Unloading 516 unused Assets to reduce memory usage. Loaded Objects now: 103517.
Total: 439.924565 ms (FindLiveObjects: 7.343701 ms CreateObjectMapping: 1.817205 ms MarkObjects: 429.297296 ms  DeleteObjects: 1.465648 ms)

Curl error 6: Could not resolve host: cards.scryfall.io
Unloading 1 Unused Serialized files (Serialized files now loaded: 20)
Unloading 631 unused Assets to reduce memory usage. Loaded Objects now: 104842.
Total: 349.621716 ms (FindLiveObjects: 13.258376 ms CreateObjectMapping: 2.525348 ms MarkObjects: 332.927590 ms  DeleteObjects: 0.910017 ms)

Unloading 1 Unused Serialized files (Serialized files now loaded: 20)
Unloading 620 unused Assets to reduce memory usage. Loaded Objects now: 105212.
Total: 335.041659 ms (FindLiveObjects: 6.936940 ms CreateObjectMapping: 1.906087 ms MarkObjects: 325.257398 ms  DeleteObjects: 0.940970 ms)

Unloading 1 Unused Serialized files (Serialized files now loaded: 20)
Unloading 739 unused Assets to reduce memory usage. Loaded Objects now: 105617.
Total: 307.482982 ms (FindLiveObjects: 6.953938 ms CreateObjectMapping: 1.894289 ms MarkObjects: 297.506917 ms  DeleteObjects: 1.127543 ms)

Unloading 1 Unused Serialized files (Serialized files now loaded: 20)
Unloading 746 unused Assets to reduce memory usage. Loaded Objects now: 106590.
Total: 478.827244 ms (FindLiveObjects: 7.185930 ms CreateObjectMapping: 1.872159 ms MarkObjects: 468.608857 ms  DeleteObjects: 1.160035 ms)

Unloading 1 Unused Serialized files (Serialized files now loaded: 20)
Unloading 587 unused Assets to reduce memory usage. Loaded Objects now: 106603.
Total: 364.635065 ms (FindLiveObjects: 7.083185 ms CreateObjectMapping: 1.820027 ms MarkObjects: 354.564038 ms  DeleteObjects: 1.152643 ms)

Unloading 1 Unused Serialized files (Serialized files now loaded: 20)
Unloading 666 unused Assets to reduce memory usage. Loaded Objects now: 106896.
Total: 354.307752 ms (FindLiveObjects: 7.392312 ms CreateObjectMapping: 1.920836 ms MarkObjects: 343.963750 ms  DeleteObjects: 1.030511 ms)

Unloading 1 Unused Serialized files (Serialized files now loaded: 20)
Unloading 1165 unused Assets to reduce memory usage. Loaded Objects now: 106680.
Total: 371.574519 ms (FindLiveObjects: 7.228826 ms CreateObjectMapping: 1.856309 ms MarkObjects: 360.666657 ms  DeleteObjects: 1.822448 ms)

Curl error 6: Could not resolve host: cdp.cloud.unity3d.com
UnloadTime: 664.034351 ms
DontDestroyOnLoad only works for root GameObjects or components on root GameObjects.
Can't add component to object that is being destroyed.
Can't add component to object that is being destroyed.
[Physics::Module] Cleanup current backend.
[Physics::Module] Id: 0xf2b8ea05
Input System module state changed to: ShutdownInProgress.
Input System polling thread exited.
Input System module state changed to: Shutdown.
